Watching for file changes with StatReloader
Waiting for apps ready_event.
Apps ready_event triggered. Sending autoreload_started signal.
Watching dir /Users/karthikmacherla/Life/PennSem2/NETS150/roomatesearch/locale with glob **/*.mo.
Watching dir /anaconda3/lib/python3.6/site-packages/django/contrib/admin/locale with glob **/*.mo.
Watching dir /anaconda3/lib/python3.6/site-packages/django/contrib/auth/locale with glob **/*.mo.
Watching dir /anaconda3/lib/python3.6/site-packages/django/contrib/contenttypes/locale with glob **/*.mo.
Watching dir /anaconda3/lib/python3.6/site-packages/django/contrib/sessions/locale with glob **/*.mo.
Watching dir /anaconda3/lib/python3.6/site-packages/django/contrib/messages/locale with glob **/*.mo.
Watching dir /anaconda3/lib/python3.6/site-packages/django/contrib/staticfiles/locale with glob **/*.mo.
Watching dir /Users/karthikmacherla/Life/PennSem2/NETS150/roomatesearch/main/locale with glob **/*.mo.
(0.003) 
            SELECT name, type FROM sqlite_master
            WHERE type in ('table', 'view') AND NOT name='sqlite_sequence'
            ORDER BY name; args=None
(0.000) 
            SELECT name, type FROM sqlite_master
            WHERE type in ('table', 'view') AND NOT name='sqlite_sequence'
            ORDER BY name; args=None
(0.000) 
            SELECT name, type FROM sqlite_master
            WHERE type in ('table', 'view') AND NOT name='sqlite_sequence'
            ORDER BY name; args=None
(0.000) 
            SELECT name, type FROM sqlite_master
            WHERE type in ('table', 'view') AND NOT name='sqlite_sequence'
            ORDER BY name; args=None
(0.000) PRAGMA foreign_keys = OFF; args=None
(0.000) PRAGMA foreign_keys; args=None
(0.000) BEGIN; args=None
CREATE TABLE "django_migrations" ("id" integer NOT NULL PRIMARY KEY AUTOINCREMENT, "app" varchar(255) NOT NULL, "name" varchar(255) NOT NULL, "applied" datetime NOT NULL); (params None)
(0.002) CREATE TABLE "django_migrations" ("id" integer NOT NULL PRIMARY KEY AUTOINCREMENT, "app" varchar(255) NOT NULL, "name" varchar(255) NOT NULL, "applied" datetime NOT NULL); args=None
(0.000) PRAGMA foreign_key_check; args=None
(0.000) PRAGMA foreign_keys = ON; args=None
(0.000) PRAGMA foreign_keys = OFF; args=None
(0.000) PRAGMA foreign_keys; args=None
(0.000) BEGIN; args=None
CREATE TABLE "django_content_type" ("id" integer NOT NULL PRIMARY KEY AUTOINCREMENT, "name" varchar(100) NOT NULL, "app_label" varchar(100) NOT NULL, "model" varchar(100) NOT NULL); (params None)
(0.000) CREATE TABLE "django_content_type" ("id" integer NOT NULL PRIMARY KEY AUTOINCREMENT, "name" varchar(100) NOT NULL, "app_label" varchar(100) NOT NULL, "model" varchar(100) NOT NULL); args=None
CREATE UNIQUE INDEX "django_content_type_app_label_model_76bd3d3b_uniq" ON "django_content_type" ("app_label", "model"); (params ())
(0.000) CREATE UNIQUE INDEX "django_content_type_app_label_model_76bd3d3b_uniq" ON "django_content_type" ("app_label", "model"); args=()
(0.000) 
            SELECT name, type FROM sqlite_master
            WHERE type in ('table', 'view') AND NOT name='sqlite_sequence'
            ORDER BY name; args=None
(0.000) INSERT INTO "django_migrations" ("app", "name", "applied") VALUES ('contenttypes', '0001_initial', '2019-05-07 15:00:38.950041'); args=['contenttypes', '0001_initial', '2019-05-07 15:00:38.950041']
(0.000) PRAGMA foreign_key_check; args=None
(0.000) PRAGMA foreign_keys = ON; args=None
(0.000) PRAGMA foreign_keys = OFF; args=None
(0.000) PRAGMA foreign_keys; args=None
(0.000) BEGIN; args=None
CREATE TABLE "new__django_content_type" ("id" integer NOT NULL PRIMARY KEY AUTOINCREMENT, "app_label" varchar(100) NOT NULL, "model" varchar(100) NOT NULL, "name" varchar(100) NULL); (params None)
(0.000) CREATE TABLE "new__django_content_type" ("id" integer NOT NULL PRIMARY KEY AUTOINCREMENT, "app_label" varchar(100) NOT NULL, "model" varchar(100) NOT NULL, "name" varchar(100) NULL); args=None
INSERT INTO "new__django_content_type" ("id", "app_label", "model", "name") SELECT "id", "app_label", "model", "name" FROM "django_content_type"; (params ())
(0.000) INSERT INTO "new__django_content_type" ("id", "app_label", "model", "name") SELECT "id", "app_label", "model", "name" FROM "django_content_type"; args=()
DROP TABLE "django_content_type"; (params ())
(0.000) DROP TABLE "django_content_type"; args=()
ALTER TABLE "new__django_content_type" RENAME TO "django_content_type"; (params ())
(0.000) ALTER TABLE "new__django_content_type" RENAME TO "django_content_type"; args=()
CREATE UNIQUE INDEX "django_content_type_app_label_model_76bd3d3b_uniq" ON "django_content_type" ("app_label", "model"); (params ())
(0.000) CREATE UNIQUE INDEX "django_content_type_app_label_model_76bd3d3b_uniq" ON "django_content_type" ("app_label", "model"); args=()
CREATE TABLE "new__django_content_type" ("id" integer NOT NULL PRIMARY KEY AUTOINCREMENT, "app_label" varchar(100) NOT NULL, "model" varchar(100) NOT NULL); (params None)
(0.000) CREATE TABLE "new__django_content_type" ("id" integer NOT NULL PRIMARY KEY AUTOINCREMENT, "app_label" varchar(100) NOT NULL, "model" varchar(100) NOT NULL); args=None
INSERT INTO "new__django_content_type" ("id", "app_label", "model") SELECT "id", "app_label", "model" FROM "django_content_type"; (params ())
(0.000) INSERT INTO "new__django_content_type" ("id", "app_label", "model") SELECT "id", "app_label", "model" FROM "django_content_type"; args=()
DROP TABLE "django_content_type"; (params ())
(0.000) DROP TABLE "django_content_type"; args=()
ALTER TABLE "new__django_content_type" RENAME TO "django_content_type"; (params ())
(0.000) ALTER TABLE "new__django_content_type" RENAME TO "django_content_type"; args=()
CREATE UNIQUE INDEX "django_content_type_app_label_model_76bd3d3b_uniq" ON "django_content_type" ("app_label", "model"); (params ())
(0.000) CREATE UNIQUE INDEX "django_content_type_app_label_model_76bd3d3b_uniq" ON "django_content_type" ("app_label", "model"); args=()
(0.000) 
            SELECT name, type FROM sqlite_master
            WHERE type in ('table', 'view') AND NOT name='sqlite_sequence'
            ORDER BY name; args=None
(0.000) INSERT INTO "django_migrations" ("app", "name", "applied") VALUES ('contenttypes', '0002_remove_content_type_name', '2019-05-07 15:00:38.962753'); args=['contenttypes', '0002_remove_content_type_name', '2019-05-07 15:00:38.962753']
(0.000) PRAGMA foreign_key_check; args=None
(0.000) PRAGMA foreign_keys = ON; args=None
(0.000) PRAGMA foreign_keys = OFF; args=None
(0.000) PRAGMA foreign_keys; args=None
(0.000) BEGIN; args=None
CREATE TABLE "auth_permission" ("id" integer NOT NULL PRIMARY KEY AUTOINCREMENT, "name" varchar(50) NOT NULL, "content_type_id" integer NOT NULL REFERENCES "django_content_type" ("id") DEFERRABLE INITIALLY DEFERRED, "codename" varchar(100) NOT NULL); (params None)
(0.000) CREATE TABLE "auth_permission" ("id" integer NOT NULL PRIMARY KEY AUTOINCREMENT, "name" varchar(50) NOT NULL, "content_type_id" integer NOT NULL REFERENCES "django_content_type" ("id") DEFERRABLE INITIALLY DEFERRED, "codename" varchar(100) NOT NULL); args=None
CREATE TABLE "auth_group" ("id" integer NOT NULL PRIMARY KEY AUTOINCREMENT, "name" varchar(80) NOT NULL UNIQUE); (params None)
(0.000) CREATE TABLE "auth_group" ("id" integer NOT NULL PRIMARY KEY AUTOINCREMENT, "name" varchar(80) NOT NULL UNIQUE); args=None
CREATE TABLE "auth_group_permissions" ("id" integer NOT NULL PRIMARY KEY AUTOINCREMENT, "group_id" integer NOT NULL REFERENCES "auth_group" ("id") DEFERRABLE INITIALLY DEFERRED, "permission_id" integer NOT NULL REFERENCES "auth_permission" ("id") DEFERRABLE INITIALLY DEFERRED); (params None)
(0.000) CREATE TABLE "auth_group_permissions" ("id" integer NOT NULL PRIMARY KEY AUTOINCREMENT, "group_id" integer NOT NULL REFERENCES "auth_group" ("id") DEFERRABLE INITIALLY DEFERRED, "permission_id" integer NOT NULL REFERENCES "auth_permission" ("id") DEFERRABLE INITIALLY DEFERRED); args=None
(0.000) 
            SELECT name, type FROM sqlite_master
            WHERE type in ('table', 'view') AND NOT name='sqlite_sequence'
            ORDER BY name; args=None
(0.000) INSERT INTO "django_migrations" ("app", "name", "applied") VALUES ('auth', '0001_initial', '2019-05-07 15:00:38.974549'); args=['auth', '0001_initial', '2019-05-07 15:00:38.974549']
(0.000) PRAGMA foreign_key_check; args=None
CREATE UNIQUE INDEX "auth_permission_content_type_id_codename_01ab375a_uniq" ON "auth_permission" ("content_type_id", "codename"); (params ())
(0.000) CREATE UNIQUE INDEX "auth_permission_content_type_id_codename_01ab375a_uniq" ON "auth_permission" ("content_type_id", "codename"); args=()
CREATE INDEX "auth_permission_content_type_id_2f476e4b" ON "auth_permission" ("content_type_id"); (params ())
(0.000) CREATE INDEX "auth_permission_content_type_id_2f476e4b" ON "auth_permission" ("content_type_id"); args=()
CREATE UNIQUE INDEX "auth_group_permissions_group_id_permission_id_0cd325b0_uniq" ON "auth_group_permissions" ("group_id", "permission_id"); (params ())
(0.000) CREATE UNIQUE INDEX "auth_group_permissions_group_id_permission_id_0cd325b0_uniq" ON "auth_group_permissions" ("group_id", "permission_id"); args=()
CREATE INDEX "auth_group_permissions_group_id_b120cbf9" ON "auth_group_permissions" ("group_id"); (params ())
(0.000) CREATE INDEX "auth_group_permissions_group_id_b120cbf9" ON "auth_group_permissions" ("group_id"); args=()
CREATE INDEX "auth_group_permissions_permission_id_84c5c92e" ON "auth_group_permissions" ("permission_id"); (params ())
(0.000) CREATE INDEX "auth_group_permissions_permission_id_84c5c92e" ON "auth_group_permissions" ("permission_id"); args=()
(0.000) PRAGMA foreign_keys = ON; args=None
(0.000) PRAGMA foreign_keys = OFF; args=None
(0.000) PRAGMA foreign_keys; args=None
(0.000) BEGIN; args=None
CREATE TABLE "new__auth_permission" ("id" integer NOT NULL PRIMARY KEY AUTOINCREMENT, "content_type_id" integer NOT NULL REFERENCES "django_content_type" ("id") DEFERRABLE INITIALLY DEFERRED, "codename" varchar(100) NOT NULL, "name" varchar(255) NOT NULL); (params None)
(0.000) CREATE TABLE "new__auth_permission" ("id" integer NOT NULL PRIMARY KEY AUTOINCREMENT, "content_type_id" integer NOT NULL REFERENCES "django_content_type" ("id") DEFERRABLE INITIALLY DEFERRED, "codename" varchar(100) NOT NULL, "name" varchar(255) NOT NULL); args=None
INSERT INTO "new__auth_permission" ("id", "content_type_id", "codename", "name") SELECT "id", "content_type_id", "codename", "name" FROM "auth_permission"; (params ())
(0.000) INSERT INTO "new__auth_permission" ("id", "content_type_id", "codename", "name") SELECT "id", "content_type_id", "codename", "name" FROM "auth_permission"; args=()
DROP TABLE "auth_permission"; (params ())
(0.000) DROP TABLE "auth_permission"; args=()
ALTER TABLE "new__auth_permission" RENAME TO "auth_permission"; (params ())
(0.000) ALTER TABLE "new__auth_permission" RENAME TO "auth_permission"; args=()
CREATE UNIQUE INDEX "auth_permission_content_type_id_codename_01ab375a_uniq" ON "auth_permission" ("content_type_id", "codename"); (params ())
(0.000) CREATE UNIQUE INDEX "auth_permission_content_type_id_codename_01ab375a_uniq" ON "auth_permission" ("content_type_id", "codename"); args=()
CREATE INDEX "auth_permission_content_type_id_2f476e4b" ON "auth_permission" ("content_type_id"); (params ())
(0.000) CREATE INDEX "auth_permission_content_type_id_2f476e4b" ON "auth_permission" ("content_type_id"); args=()
(0.000) 
            SELECT name, type FROM sqlite_master
            WHERE type in ('table', 'view') AND NOT name='sqlite_sequence'
            ORDER BY name; args=None
(0.000) INSERT INTO "django_migrations" ("app", "name", "applied") VALUES ('auth', '0002_alter_permission_name_max_length', '2019-05-07 15:00:38.985163'); args=['auth', '0002_alter_permission_name_max_length', '2019-05-07 15:00:38.985163']
(0.000) PRAGMA foreign_key_check; args=None
(0.000) PRAGMA foreign_keys = ON; args=None
(0.000) PRAGMA foreign_keys = OFF; args=None
(0.000) PRAGMA foreign_keys; args=None
(0.000) BEGIN; args=None
(0.000) 
            SELECT name, type FROM sqlite_master
            WHERE type in ('table', 'view') AND NOT name='sqlite_sequence'
            ORDER BY name; args=None
(0.000) INSERT INTO "django_migrations" ("app", "name", "applied") VALUES ('auth', '0003_alter_user_email_max_length', '2019-05-07 15:00:38.990906'); args=['auth', '0003_alter_user_email_max_length', '2019-05-07 15:00:38.990906']
(0.000) PRAGMA foreign_key_check; args=None
(0.000) PRAGMA foreign_keys = ON; args=None
(0.000) PRAGMA foreign_keys = OFF; args=None
(0.000) PRAGMA foreign_keys; args=None
(0.000) BEGIN; args=None
(0.000) 
            SELECT name, type FROM sqlite_master
            WHERE type in ('table', 'view') AND NOT name='sqlite_sequence'
            ORDER BY name; args=None
(0.000) INSERT INTO "django_migrations" ("app", "name", "applied") VALUES ('auth', '0004_alter_user_username_opts', '2019-05-07 15:00:38.996310'); args=['auth', '0004_alter_user_username_opts', '2019-05-07 15:00:38.996310']
(0.000) PRAGMA foreign_key_check; args=None
(0.000) PRAGMA foreign_keys = ON; args=None
(0.000) PRAGMA foreign_keys = OFF; args=None
(0.000) PRAGMA foreign_keys; args=None
(0.000) BEGIN; args=None
(0.000) 
            SELECT name, type FROM sqlite_master
            WHERE type in ('table', 'view') AND NOT name='sqlite_sequence'
            ORDER BY name; args=None
(0.000) INSERT INTO "django_migrations" ("app", "name", "applied") VALUES ('auth', '0005_alter_user_last_login_null', '2019-05-07 15:00:39.002766'); args=['auth', '0005_alter_user_last_login_null', '2019-05-07 15:00:39.002766']
(0.000) PRAGMA foreign_key_check; args=None
(0.000) PRAGMA foreign_keys = ON; args=None
(0.000) PRAGMA foreign_keys = OFF; args=None
(0.000) PRAGMA foreign_keys; args=None
(0.000) BEGIN; args=None
(0.000) 
            SELECT name, type FROM sqlite_master
            WHERE type in ('table', 'view') AND NOT name='sqlite_sequence'
            ORDER BY name; args=None
(0.000) INSERT INTO "django_migrations" ("app", "name", "applied") VALUES ('auth', '0006_require_contenttypes_0002', '2019-05-07 15:00:39.004958'); args=['auth', '0006_require_contenttypes_0002', '2019-05-07 15:00:39.004958']
(0.000) PRAGMA foreign_key_check; args=None
(0.000) PRAGMA foreign_keys = ON; args=None
(0.000) PRAGMA foreign_keys = OFF; args=None
(0.000) PRAGMA foreign_keys; args=None
(0.000) BEGIN; args=None
(0.000) 
            SELECT name, type FROM sqlite_master
            WHERE type in ('table', 'view') AND NOT name='sqlite_sequence'
            ORDER BY name; args=None
(0.000) INSERT INTO "django_migrations" ("app", "name", "applied") VALUES ('auth', '0007_alter_validators_add_error_messages', '2019-05-07 15:00:39.012814'); args=['auth', '0007_alter_validators_add_error_messages', '2019-05-07 15:00:39.012814']
(0.000) PRAGMA foreign_key_check; args=None
(0.000) PRAGMA foreign_keys = ON; args=None
(0.000) PRAGMA foreign_keys = OFF; args=None
(0.000) PRAGMA foreign_keys; args=None
(0.000) BEGIN; args=None
(0.000) 
            SELECT name, type FROM sqlite_master
            WHERE type in ('table', 'view') AND NOT name='sqlite_sequence'
            ORDER BY name; args=None
(0.000) INSERT INTO "django_migrations" ("app", "name", "applied") VALUES ('auth', '0008_alter_user_username_max_length', '2019-05-07 15:00:39.019332'); args=['auth', '0008_alter_user_username_max_length', '2019-05-07 15:00:39.019332']
(0.000) PRAGMA foreign_key_check; args=None
(0.000) PRAGMA foreign_keys = ON; args=None
(0.000) PRAGMA foreign_keys = OFF; args=None
(0.000) PRAGMA foreign_keys; args=None
(0.000) BEGIN; args=None
(0.000) 
            SELECT name, type FROM sqlite_master
            WHERE type in ('table', 'view') AND NOT name='sqlite_sequence'
            ORDER BY name; args=None
(0.000) INSERT INTO "django_migrations" ("app", "name", "applied") VALUES ('auth', '0009_alter_user_last_name_max_length', '2019-05-07 15:00:39.026339'); args=['auth', '0009_alter_user_last_name_max_length', '2019-05-07 15:00:39.026339']
(0.000) PRAGMA foreign_key_check; args=None
(0.000) PRAGMA foreign_keys = ON; args=None
(0.000) PRAGMA foreign_keys = OFF; args=None
(0.000) PRAGMA foreign_keys; args=None
(0.000) BEGIN; args=None
CREATE TABLE "new__auth_group" ("id" integer NOT NULL PRIMARY KEY AUTOINCREMENT, "name" varchar(150) NOT NULL UNIQUE); (params None)
(0.000) CREATE TABLE "new__auth_group" ("id" integer NOT NULL PRIMARY KEY AUTOINCREMENT, "name" varchar(150) NOT NULL UNIQUE); args=None
INSERT INTO "new__auth_group" ("id", "name") SELECT "id", "name" FROM "auth_group"; (params ())
(0.000) INSERT INTO "new__auth_group" ("id", "name") SELECT "id", "name" FROM "auth_group"; args=()
DROP TABLE "auth_group"; (params ())
(0.000) DROP TABLE "auth_group"; args=()
ALTER TABLE "new__auth_group" RENAME TO "auth_group"; (params ())
(0.000) ALTER TABLE "new__auth_group" RENAME TO "auth_group"; args=()
(0.000) 
            SELECT name, type FROM sqlite_master
            WHERE type in ('table', 'view') AND NOT name='sqlite_sequence'
            ORDER BY name; args=None
(0.000) INSERT INTO "django_migrations" ("app", "name", "applied") VALUES ('auth', '0010_alter_group_name_max_length', '2019-05-07 15:00:39.034931'); args=['auth', '0010_alter_group_name_max_length', '2019-05-07 15:00:39.034931']
(0.000) PRAGMA foreign_key_check; args=None
(0.000) PRAGMA foreign_keys = ON; args=None
(0.000) PRAGMA foreign_keys = OFF; args=None
(0.000) PRAGMA foreign_keys; args=None
(0.000) BEGIN; args=None
(0.000) 
            SELECT name, type FROM sqlite_master
            WHERE type in ('table', 'view') AND NOT name='sqlite_sequence'
            ORDER BY name; args=None
(0.000) INSERT INTO "django_migrations" ("app", "name", "applied") VALUES ('auth', '0011_update_proxy_permissions', '2019-05-07 15:00:39.041459'); args=['auth', '0011_update_proxy_permissions', '2019-05-07 15:00:39.041459']
(0.000) PRAGMA foreign_key_check; args=None
(0.000) PRAGMA foreign_keys = ON; args=None
(0.000) PRAGMA foreign_keys = OFF; args=None
(0.000) PRAGMA foreign_keys; args=None
(0.000) BEGIN; args=None
CREATE TABLE "main_roomatesurvery" ("id" integer NOT NULL PRIMARY KEY AUTOINCREMENT, "do_you_drink" bool NOT NULL, "do_you_smoke" bool NOT NULL, "are_you_sporty" bool NOT NULL, "do_you_game" bool NOT NULL, "type_of_gamer" varchar(10) NOT NULL); (params None)
(0.000) CREATE TABLE "main_roomatesurvery" ("id" integer NOT NULL PRIMARY KEY AUTOINCREMENT, "do_you_drink" bool NOT NULL, "do_you_smoke" bool NOT NULL, "are_you_sporty" bool NOT NULL, "do_you_game" bool NOT NULL, "type_of_gamer" varchar(10) NOT NULL); args=None
CREATE TABLE "main_customuser" ("id" integer NOT NULL PRIMARY KEY AUTOINCREMENT, "password" varchar(128) NOT NULL, "last_login" datetime NULL, "is_superuser" bool NOT NULL, "username" varchar(150) NOT NULL UNIQUE, "first_name" varchar(30) NOT NULL, "last_name" varchar(150) NOT NULL, "email" varchar(254) NOT NULL, "is_staff" bool NOT NULL, "is_active" bool NOT NULL, "date_joined" datetime NOT NULL); (params None)
(0.000) CREATE TABLE "main_customuser" ("id" integer NOT NULL PRIMARY KEY AUTOINCREMENT, "password" varchar(128) NOT NULL, "last_login" datetime NULL, "is_superuser" bool NOT NULL, "username" varchar(150) NOT NULL UNIQUE, "first_name" varchar(30) NOT NULL, "last_name" varchar(150) NOT NULL, "email" varchar(254) NOT NULL, "is_staff" bool NOT NULL, "is_active" bool NOT NULL, "date_joined" datetime NOT NULL); args=None
CREATE TABLE "main_customuser_groups" ("id" integer NOT NULL PRIMARY KEY AUTOINCREMENT, "customuser_id" integer NOT NULL REFERENCES "main_customuser" ("id") DEFERRABLE INITIALLY DEFERRED, "group_id" integer NOT NULL REFERENCES "auth_group" ("id") DEFERRABLE INITIALLY DEFERRED); (params None)
(0.000) CREATE TABLE "main_customuser_groups" ("id" integer NOT NULL PRIMARY KEY AUTOINCREMENT, "customuser_id" integer NOT NULL REFERENCES "main_customuser" ("id") DEFERRABLE INITIALLY DEFERRED, "group_id" integer NOT NULL REFERENCES "auth_group" ("id") DEFERRABLE INITIALLY DEFERRED); args=None
CREATE TABLE "main_customuser_user_permissions" ("id" integer NOT NULL PRIMARY KEY AUTOINCREMENT, "customuser_id" integer NOT NULL REFERENCES "main_customuser" ("id") DEFERRABLE INITIALLY DEFERRED, "permission_id" integer NOT NULL REFERENCES "auth_permission" ("id") DEFERRABLE INITIALLY DEFERRED); (params None)
(0.000) CREATE TABLE "main_customuser_user_permissions" ("id" integer NOT NULL PRIMARY KEY AUTOINCREMENT, "customuser_id" integer NOT NULL REFERENCES "main_customuser" ("id") DEFERRABLE INITIALLY DEFERRED, "permission_id" integer NOT NULL REFERENCES "auth_permission" ("id") DEFERRABLE INITIALLY DEFERRED); args=None
(0.000) 
            SELECT name, type FROM sqlite_master
            WHERE type in ('table', 'view') AND NOT name='sqlite_sequence'
            ORDER BY name; args=None
(0.000) INSERT INTO "django_migrations" ("app", "name", "applied") VALUES ('main', '0001_initial', '2019-05-07 15:00:39.052110'); args=['main', '0001_initial', '2019-05-07 15:00:39.052110']
(0.000) PRAGMA foreign_key_check; args=None
CREATE UNIQUE INDEX "main_customuser_groups_customuser_id_group_id_8a5023dd_uniq" ON "main_customuser_groups" ("customuser_id", "group_id"); (params ())
(0.000) CREATE UNIQUE INDEX "main_customuser_groups_customuser_id_group_id_8a5023dd_uniq" ON "main_customuser_groups" ("customuser_id", "group_id"); args=()
CREATE INDEX "main_customuser_groups_customuser_id_13869e25" ON "main_customuser_groups" ("customuser_id"); (params ())
(0.000) CREATE INDEX "main_customuser_groups_customuser_id_13869e25" ON "main_customuser_groups" ("customuser_id"); args=()
CREATE INDEX "main_customuser_groups_group_id_8149f607" ON "main_customuser_groups" ("group_id"); (params ())
(0.000) CREATE INDEX "main_customuser_groups_group_id_8149f607" ON "main_customuser_groups" ("group_id"); args=()
CREATE UNIQUE INDEX "main_customuser_user_permissions_customuser_id_permission_id_06a652d8_uniq" ON "main_customuser_user_permissions" ("customuser_id", "permission_id"); (params ())
(0.000) CREATE UNIQUE INDEX "main_customuser_user_permissions_customuser_id_permission_id_06a652d8_uniq" ON "main_customuser_user_permissions" ("customuser_id", "permission_id"); args=()
CREATE INDEX "main_customuser_user_permissions_customuser_id_34d37f86" ON "main_customuser_user_permissions" ("customuser_id"); (params ())
(0.000) CREATE INDEX "main_customuser_user_permissions_customuser_id_34d37f86" ON "main_customuser_user_permissions" ("customuser_id"); args=()
CREATE INDEX "main_customuser_user_permissions_permission_id_38e6f657" ON "main_customuser_user_permissions" ("permission_id"); (params ())
(0.000) CREATE INDEX "main_customuser_user_permissions_permission_id_38e6f657" ON "main_customuser_user_permissions" ("permission_id"); args=()
(0.000) PRAGMA foreign_keys = ON; args=None
(0.000) PRAGMA foreign_keys = OFF; args=None
(0.000) PRAGMA foreign_keys; args=None
(0.000) BEGIN; args=None
CREATE TABLE "django_admin_log" ("id" integer NOT NULL PRIMARY KEY AUTOINCREMENT, "action_time" datetime NOT NULL, "object_id" text NULL, "object_repr" varchar(200) NOT NULL, "action_flag" smallint unsigned NOT NULL CHECK ("action_flag" >= 0), "change_message" text NOT NULL, "content_type_id" integer NULL REFERENCES "django_content_type" ("id") DEFERRABLE INITIALLY DEFERRED, "user_id" integer NOT NULL REFERENCES "main_customuser" ("id") DEFERRABLE INITIALLY DEFERRED); (params None)
(0.000) CREATE TABLE "django_admin_log" ("id" integer NOT NULL PRIMARY KEY AUTOINCREMENT, "action_time" datetime NOT NULL, "object_id" text NULL, "object_repr" varchar(200) NOT NULL, "action_flag" smallint unsigned NOT NULL CHECK ("action_flag" >= 0), "change_message" text NOT NULL, "content_type_id" integer NULL REFERENCES "django_content_type" ("id") DEFERRABLE INITIALLY DEFERRED, "user_id" integer NOT NULL REFERENCES "main_customuser" ("id") DEFERRABLE INITIALLY DEFERRED); args=None
(0.000) 
            SELECT name, type FROM sqlite_master
            WHERE type in ('table', 'view') AND NOT name='sqlite_sequence'
            ORDER BY name; args=None
(0.000) INSERT INTO "django_migrations" ("app", "name", "applied") VALUES ('admin', '0001_initial', '2019-05-07 15:00:39.064768'); args=['admin', '0001_initial', '2019-05-07 15:00:39.064768']
(0.000) PRAGMA foreign_key_check; args=None
CREATE INDEX "django_admin_log_content_type_id_c4bce8eb" ON "django_admin_log" ("content_type_id"); (params ())
(0.000) CREATE INDEX "django_admin_log_content_type_id_c4bce8eb" ON "django_admin_log" ("content_type_id"); args=()
CREATE INDEX "django_admin_log_user_id_c564eba6" ON "django_admin_log" ("user_id"); (params ())
(0.000) CREATE INDEX "django_admin_log_user_id_c564eba6" ON "django_admin_log" ("user_id"); args=()
(0.000) PRAGMA foreign_keys = ON; args=None
(0.000) PRAGMA foreign_keys = OFF; args=None
(0.000) PRAGMA foreign_keys; args=None
(0.000) BEGIN; args=None
CREATE TABLE "new__django_admin_log" ("id" integer NOT NULL PRIMARY KEY AUTOINCREMENT, "object_id" text NULL, "object_repr" varchar(200) NOT NULL, "action_flag" smallint unsigned NOT NULL CHECK ("action_flag" >= 0), "change_message" text NOT NULL, "content_type_id" integer NULL REFERENCES "django_content_type" ("id") DEFERRABLE INITIALLY DEFERRED, "user_id" integer NOT NULL REFERENCES "main_customuser" ("id") DEFERRABLE INITIALLY DEFERRED, "action_time" datetime NOT NULL); (params None)
(0.000) CREATE TABLE "new__django_admin_log" ("id" integer NOT NULL PRIMARY KEY AUTOINCREMENT, "object_id" text NULL, "object_repr" varchar(200) NOT NULL, "action_flag" smallint unsigned NOT NULL CHECK ("action_flag" >= 0), "change_message" text NOT NULL, "content_type_id" integer NULL REFERENCES "django_content_type" ("id") DEFERRABLE INITIALLY DEFERRED, "user_id" integer NOT NULL REFERENCES "main_customuser" ("id") DEFERRABLE INITIALLY DEFERRED, "action_time" datetime NOT NULL); args=None
INSERT INTO "new__django_admin_log" ("id", "object_id", "object_repr", "action_flag", "change_message", "content_type_id", "user_id", "action_time") SELECT "id", "object_id", "object_repr", "action_flag", "change_message", "content_type_id", "user_id", "action_time" FROM "django_admin_log"; (params ())
(0.000) INSERT INTO "new__django_admin_log" ("id", "object_id", "object_repr", "action_flag", "change_message", "content_type_id", "user_id", "action_time") SELECT "id", "object_id", "object_repr", "action_flag", "change_message", "content_type_id", "user_id", "action_time" FROM "django_admin_log"; args=()
DROP TABLE "django_admin_log"; (params ())
(0.000) DROP TABLE "django_admin_log"; args=()
ALTER TABLE "new__django_admin_log" RENAME TO "django_admin_log"; (params ())
(0.000) ALTER TABLE "new__django_admin_log" RENAME TO "django_admin_log"; args=()
CREATE INDEX "django_admin_log_content_type_id_c4bce8eb" ON "django_admin_log" ("content_type_id"); (params ())
(0.000) CREATE INDEX "django_admin_log_content_type_id_c4bce8eb" ON "django_admin_log" ("content_type_id"); args=()
CREATE INDEX "django_admin_log_user_id_c564eba6" ON "django_admin_log" ("user_id"); (params ())
(0.000) CREATE INDEX "django_admin_log_user_id_c564eba6" ON "django_admin_log" ("user_id"); args=()
(0.000) 
            SELECT name, type FROM sqlite_master
            WHERE type in ('table', 'view') AND NOT name='sqlite_sequence'
            ORDER BY name; args=None
(0.000) INSERT INTO "django_migrations" ("app", "name", "applied") VALUES ('admin', '0002_logentry_remove_auto_add', '2019-05-07 15:00:39.076200'); args=['admin', '0002_logentry_remove_auto_add', '2019-05-07 15:00:39.076200']
(0.000) PRAGMA foreign_key_check; args=None
(0.000) PRAGMA foreign_keys = ON; args=None
(0.000) PRAGMA foreign_keys = OFF; args=None
(0.000) PRAGMA foreign_keys; args=None
(0.000) BEGIN; args=None
CREATE TABLE "new__django_admin_log" ("id" integer NOT NULL PRIMARY KEY AUTOINCREMENT, "action_time" datetime NOT NULL, "object_id" text NULL, "object_repr" varchar(200) NOT NULL, "change_message" text NOT NULL, "content_type_id" integer NULL REFERENCES "django_content_type" ("id") DEFERRABLE INITIALLY DEFERRED, "user_id" integer NOT NULL REFERENCES "main_customuser" ("id") DEFERRABLE INITIALLY DEFERRED, "action_flag" smallint unsigned NOT NULL CHECK ("action_flag" >= 0)); (params None)
(0.000) CREATE TABLE "new__django_admin_log" ("id" integer NOT NULL PRIMARY KEY AUTOINCREMENT, "action_time" datetime NOT NULL, "object_id" text NULL, "object_repr" varchar(200) NOT NULL, "change_message" text NOT NULL, "content_type_id" integer NULL REFERENCES "django_content_type" ("id") DEFERRABLE INITIALLY DEFERRED, "user_id" integer NOT NULL REFERENCES "main_customuser" ("id") DEFERRABLE INITIALLY DEFERRED, "action_flag" smallint unsigned NOT NULL CHECK ("action_flag" >= 0)); args=None
INSERT INTO "new__django_admin_log" ("id", "action_time", "object_id", "object_repr", "change_message", "content_type_id", "user_id", "action_flag") SELECT "id", "action_time", "object_id", "object_repr", "change_message", "content_type_id", "user_id", "action_flag" FROM "django_admin_log"; (params ())
(0.000) INSERT INTO "new__django_admin_log" ("id", "action_time", "object_id", "object_repr", "change_message", "content_type_id", "user_id", "action_flag") SELECT "id", "action_time", "object_id", "object_repr", "change_message", "content_type_id", "user_id", "action_flag" FROM "django_admin_log"; args=()
DROP TABLE "django_admin_log"; (params ())
(0.000) DROP TABLE "django_admin_log"; args=()
ALTER TABLE "new__django_admin_log" RENAME TO "django_admin_log"; (params ())
(0.000) ALTER TABLE "new__django_admin_log" RENAME TO "django_admin_log"; args=()
CREATE INDEX "django_admin_log_content_type_id_c4bce8eb" ON "django_admin_log" ("content_type_id"); (params ())
(0.000) CREATE INDEX "django_admin_log_content_type_id_c4bce8eb" ON "django_admin_log" ("content_type_id"); args=()
CREATE INDEX "django_admin_log_user_id_c564eba6" ON "django_admin_log" ("user_id"); (params ())
(0.000) CREATE INDEX "django_admin_log_user_id_c564eba6" ON "django_admin_log" ("user_id"); args=()
(0.000) 
            SELECT name, type FROM sqlite_master
            WHERE type in ('table', 'view') AND NOT name='sqlite_sequence'
            ORDER BY name; args=None
(0.000) INSERT INTO "django_migrations" ("app", "name", "applied") VALUES ('admin', '0003_logentry_add_action_flag_choices', '2019-05-07 15:00:39.087454'); args=['admin', '0003_logentry_add_action_flag_choices', '2019-05-07 15:00:39.087454']
(0.000) PRAGMA foreign_key_check; args=None
(0.000) PRAGMA foreign_keys = ON; args=None
(0.000) PRAGMA foreign_keys = OFF; args=None
(0.000) PRAGMA foreign_keys; args=None
(0.000) BEGIN; args=None
(0.000) 
            SELECT name, type FROM sqlite_master
            WHERE type in ('table', 'view') AND NOT name='sqlite_sequence'
            ORDER BY name; args=None
(0.000) PRAGMA foreign_key_list("auth_group"); args=None
(0.000) PRAGMA foreign_key_list("auth_group_permissions"); args=None
(0.000) PRAGMA foreign_key_list("auth_permission"); args=None
(0.000) PRAGMA foreign_key_list("django_admin_log"); args=None
(0.000) PRAGMA foreign_key_list("django_content_type"); args=None
(0.000) PRAGMA foreign_key_list("django_migrations"); args=None
(0.000) PRAGMA foreign_key_list("main_customuser"); args=None
(0.000) PRAGMA foreign_key_list("main_customuser_groups"); args=None
(0.000) PRAGMA foreign_key_list("main_customuser_user_permissions"); args=None
(0.000) PRAGMA foreign_key_list("main_roomatesurvery"); args=None
ALTER TABLE "main_roomatesurvery" RENAME TO "main_roomatesurvey"; (params ())
(0.000) ALTER TABLE "main_roomatesurvery" RENAME TO "main_roomatesurvey"; args=()
(0.000) SELECT "django_content_type"."id", "django_content_type"."app_label", "django_content_type"."model" FROM "django_content_type" WHERE ("django_content_type"."app_label" = 'main' AND "django_content_type"."model" = 'roomatesurvery'); args=('main', 'roomatesurvery')
(0.000) 
            SELECT name, type FROM sqlite_master
            WHERE type in ('table', 'view') AND NOT name='sqlite_sequence'
            ORDER BY name; args=None
(0.000) INSERT INTO "django_migrations" ("app", "name", "applied") VALUES ('main', '0002_auto_20190505_1607', '2019-05-07 15:00:39.108966'); args=['main', '0002_auto_20190505_1607', '2019-05-07 15:00:39.108966']
(0.000) PRAGMA foreign_key_check; args=None
(0.000) PRAGMA foreign_keys = ON; args=None
(0.000) PRAGMA foreign_keys = OFF; args=None
(0.000) PRAGMA foreign_keys; args=None
(0.000) BEGIN; args=None
CREATE TABLE "main_roommatesurvey" ("id" integer NOT NULL PRIMARY KEY AUTOINCREMENT, "do_you_drink" bool NOT NULL, "do_you_smoke" bool NOT NULL, "are_you_sporty" bool NOT NULL, "do_you_game" bool NOT NULL, "type_of_gamer" varchar(10) NOT NULL, "user_id" integer NOT NULL REFERENCES "main_customuser" ("id") DEFERRABLE INITIALLY DEFERRED); (params None)
(0.000) CREATE TABLE "main_roommatesurvey" ("id" integer NOT NULL PRIMARY KEY AUTOINCREMENT, "do_you_drink" bool NOT NULL, "do_you_smoke" bool NOT NULL, "are_you_sporty" bool NOT NULL, "do_you_game" bool NOT NULL, "type_of_gamer" varchar(10) NOT NULL, "user_id" integer NOT NULL REFERENCES "main_customuser" ("id") DEFERRABLE INITIALLY DEFERRED); args=None
DROP TABLE "main_roomatesurvey"; (params ())
(0.000) DROP TABLE "main_roomatesurvey"; args=()
(0.000) 
            SELECT name, type FROM sqlite_master
            WHERE type in ('table', 'view') AND NOT name='sqlite_sequence'
            ORDER BY name; args=None
(0.000) INSERT INTO "django_migrations" ("app", "name", "applied") VALUES ('main', '0003_auto_20190505_1613', '2019-05-07 15:00:39.119979'); args=['main', '0003_auto_20190505_1613', '2019-05-07 15:00:39.119979']
(0.000) PRAGMA foreign_key_check; args=None
CREATE INDEX "main_roommatesurvey_user_id_ba143482" ON "main_roommatesurvey" ("user_id"); (params ())
(0.000) CREATE INDEX "main_roommatesurvey_user_id_ba143482" ON "main_roommatesurvey" ("user_id"); args=()
(0.000) PRAGMA foreign_keys = ON; args=None
(0.000) PRAGMA foreign_keys = OFF; args=None
(0.000) PRAGMA foreign_keys; args=None
(0.000) BEGIN; args=None
CREATE TABLE "new__main_roommatesurvey" ("id" integer NOT NULL PRIMARY KEY AUTOINCREMENT, "do_you_drink" bool NOT NULL, "do_you_smoke" bool NOT NULL, "are_you_sporty" bool NOT NULL, "do_you_game" bool NOT NULL, "type_of_gamer" varchar(10) NOT NULL, "user_id" integer NOT NULL UNIQUE REFERENCES "main_customuser" ("id") DEFERRABLE INITIALLY DEFERRED); (params None)
(0.000) CREATE TABLE "new__main_roommatesurvey" ("id" integer NOT NULL PRIMARY KEY AUTOINCREMENT, "do_you_drink" bool NOT NULL, "do_you_smoke" bool NOT NULL, "are_you_sporty" bool NOT NULL, "do_you_game" bool NOT NULL, "type_of_gamer" varchar(10) NOT NULL, "user_id" integer NOT NULL UNIQUE REFERENCES "main_customuser" ("id") DEFERRABLE INITIALLY DEFERRED); args=None
INSERT INTO "new__main_roommatesurvey" ("id", "do_you_drink", "do_you_smoke", "are_you_sporty", "do_you_game", "type_of_gamer", "user_id") SELECT "id", "do_you_drink", "do_you_smoke", "are_you_sporty", "do_you_game", "type_of_gamer", "user_id" FROM "main_roommatesurvey"; (params ())
(0.000) INSERT INTO "new__main_roommatesurvey" ("id", "do_you_drink", "do_you_smoke", "are_you_sporty", "do_you_game", "type_of_gamer", "user_id") SELECT "id", "do_you_drink", "do_you_smoke", "are_you_sporty", "do_you_game", "type_of_gamer", "user_id" FROM "main_roommatesurvey"; args=()
DROP TABLE "main_roommatesurvey"; (params ())
(0.000) DROP TABLE "main_roommatesurvey"; args=()
ALTER TABLE "new__main_roommatesurvey" RENAME TO "main_roommatesurvey"; (params ())
(0.000) ALTER TABLE "new__main_roommatesurvey" RENAME TO "main_roommatesurvey"; args=()
(0.000) 
            SELECT name, type FROM sqlite_master
            WHERE type in ('table', 'view') AND NOT name='sqlite_sequence'
            ORDER BY name; args=None
(0.000) INSERT INTO "django_migrations" ("app", "name", "applied") VALUES ('main', '0004_auto_20190506_0038', '2019-05-07 15:00:39.130585'); args=['main', '0004_auto_20190506_0038', '2019-05-07 15:00:39.130585']
(0.000) PRAGMA foreign_key_check; args=None
(0.000) PRAGMA foreign_keys = ON; args=None
(0.000) PRAGMA foreign_keys = OFF; args=None
(0.000) PRAGMA foreign_keys; args=None
(0.000) BEGIN; args=None
CREATE TABLE "main_category" ("name" varchar(50) NOT NULL PRIMARY KEY); (params None)
(0.000) CREATE TABLE "main_category" ("name" varchar(50) NOT NULL PRIMARY KEY); args=None
CREATE TABLE "main_category_users" ("id" integer NOT NULL PRIMARY KEY AUTOINCREMENT, "category_id" varchar(50) NOT NULL REFERENCES "main_category" ("name") DEFERRABLE INITIALLY DEFERRED, "customuser_id" integer NOT NULL REFERENCES "main_customuser" ("id") DEFERRABLE INITIALLY DEFERRED); (params None)
(0.000) CREATE TABLE "main_category_users" ("id" integer NOT NULL PRIMARY KEY AUTOINCREMENT, "category_id" varchar(50) NOT NULL REFERENCES "main_category" ("name") DEFERRABLE INITIALLY DEFERRED, "customuser_id" integer NOT NULL REFERENCES "main_customuser" ("id") DEFERRABLE INITIALLY DEFERRED); args=None
DROP TABLE "main_roommatesurvey"; (params ())
(0.000) DROP TABLE "main_roommatesurvey"; args=()
(0.000) 
            SELECT name, type FROM sqlite_master
            WHERE type in ('table', 'view') AND NOT name='sqlite_sequence'
            ORDER BY name; args=None
(0.000) INSERT INTO "django_migrations" ("app", "name", "applied") VALUES ('main', '0005_auto_20190506_1924', '2019-05-07 15:00:39.141110'); args=['main', '0005_auto_20190506_1924', '2019-05-07 15:00:39.141110']
(0.000) PRAGMA foreign_key_check; args=None
CREATE UNIQUE INDEX "main_category_users_category_id_customuser_id_eea42e7b_uniq" ON "main_category_users" ("category_id", "customuser_id"); (params ())
(0.000) CREATE UNIQUE INDEX "main_category_users_category_id_customuser_id_eea42e7b_uniq" ON "main_category_users" ("category_id", "customuser_id"); args=()
CREATE INDEX "main_category_users_category_id_a3508196" ON "main_category_users" ("category_id"); (params ())
(0.000) CREATE INDEX "main_category_users_category_id_a3508196" ON "main_category_users" ("category_id"); args=()
CREATE INDEX "main_category_users_customuser_id_a0db7fec" ON "main_category_users" ("customuser_id"); (params ())
(0.000) CREATE INDEX "main_category_users_customuser_id_a0db7fec" ON "main_category_users" ("customuser_id"); args=()
(0.000) PRAGMA foreign_keys = ON; args=None
(0.000) PRAGMA foreign_keys = OFF; args=None
(0.000) PRAGMA foreign_keys; args=None
(0.000) BEGIN; args=None
CREATE TABLE "django_session" ("session_key" varchar(40) NOT NULL PRIMARY KEY, "session_data" text NOT NULL, "expire_date" datetime NOT NULL); (params None)
(0.000) CREATE TABLE "django_session" ("session_key" varchar(40) NOT NULL PRIMARY KEY, "session_data" text NOT NULL, "expire_date" datetime NOT NULL); args=None
(0.000) 
            SELECT name, type FROM sqlite_master
            WHERE type in ('table', 'view') AND NOT name='sqlite_sequence'
            ORDER BY name; args=None
(0.000) INSERT INTO "django_migrations" ("app", "name", "applied") VALUES ('sessions', '0001_initial', '2019-05-07 15:00:39.145564'); args=['sessions', '0001_initial', '2019-05-07 15:00:39.145564']
(0.000) PRAGMA foreign_key_check; args=None
CREATE INDEX "django_session_expire_date_a5c62663" ON "django_session" ("expire_date"); (params ())
(0.000) CREATE INDEX "django_session_expire_date_a5c62663" ON "django_session" ("expire_date"); args=()
(0.000) PRAGMA foreign_keys = ON; args=None
(0.000) 
            SELECT name, type FROM sqlite_master
            WHERE type in ('table', 'view') AND NOT name='sqlite_sequence'
            ORDER BY name; args=None
(0.000) SELECT "django_migrations"."app", "django_migrations"."name" FROM "django_migrations"; args=()
(0.000) SELECT "django_content_type"."id", "django_content_type"."app_label", "django_content_type"."model" FROM "django_content_type" WHERE "django_content_type"."app_label" = 'admin'; args=('admin',)
(0.000) BEGIN; args=None
(0.000) INSERT INTO "django_content_type" ("app_label", "model") SELECT 'admin', 'logentry'; args=('admin', 'logentry')
(0.000) SELECT "django_content_type"."id", "django_content_type"."app_label", "django_content_type"."model" FROM "django_content_type" WHERE ("django_content_type"."app_label" = 'admin' AND "django_content_type"."model" = 'logentry'); args=('admin', 'logentry')
(0.000) SELECT "auth_permission"."content_type_id", "auth_permission"."codename" FROM "auth_permission" INNER JOIN "django_content_type" ON ("auth_permission"."content_type_id" = "django_content_type"."id") WHERE "auth_permission"."content_type_id" IN (1) ORDER BY "django_content_type"."app_label" ASC, "django_content_type"."model" ASC, "auth_permission"."codename" ASC; args=(1,)
(0.000) BEGIN; args=None
(0.000) INSERT INTO "auth_permission" ("name", "content_type_id", "codename") SELECT 'Can add log entry', 1, 'add_logentry' UNION ALL SELECT 'Can change log entry', 1, 'change_logentry' UNION ALL SELECT 'Can delete log entry', 1, 'delete_logentry' UNION ALL SELECT 'Can view log entry', 1, 'view_logentry'; args=('Can add log entry', 1, 'add_logentry', 'Can change log entry', 1, 'change_logentry', 'Can delete log entry', 1, 'delete_logentry', 'Can view log entry', 1, 'view_logentry')
(0.000) SELECT "django_content_type"."id", "django_content_type"."app_label", "django_content_type"."model" FROM "django_content_type" WHERE "django_content_type"."app_label" = 'admin'; args=('admin',)
(0.000) SELECT "django_content_type"."id", "django_content_type"."app_label", "django_content_type"."model" FROM "django_content_type" WHERE "django_content_type"."app_label" = 'auth'; args=('auth',)
(0.000) BEGIN; args=None
(0.000) INSERT INTO "django_content_type" ("app_label", "model") SELECT 'auth', 'permission' UNION ALL SELECT 'auth', 'group'; args=('auth', 'permission', 'auth', 'group')
(0.000) SELECT "django_content_type"."id", "django_content_type"."app_label", "django_content_type"."model" FROM "django_content_type" WHERE ("django_content_type"."app_label" = 'auth' AND "django_content_type"."model" = 'permission'); args=('auth', 'permission')
(0.000) SELECT "django_content_type"."id", "django_content_type"."app_label", "django_content_type"."model" FROM "django_content_type" WHERE ("django_content_type"."app_label" = 'auth' AND "django_content_type"."model" = 'group'); args=('auth', 'group')
(0.000) SELECT "auth_permission"."content_type_id", "auth_permission"."codename" FROM "auth_permission" INNER JOIN "django_content_type" ON ("auth_permission"."content_type_id" = "django_content_type"."id") WHERE "auth_permission"."content_type_id" IN (2, 3) ORDER BY "django_content_type"."app_label" ASC, "django_content_type"."model" ASC, "auth_permission"."codename" ASC; args=(2, 3)
(0.000) BEGIN; args=None
(0.000) INSERT INTO "auth_permission" ("name", "content_type_id", "codename") SELECT 'Can add permission', 2, 'add_permission' UNION ALL SELECT 'Can change permission', 2, 'change_permission' UNION ALL SELECT 'Can delete permission', 2, 'delete_permission' UNION ALL SELECT 'Can view permission', 2, 'view_permission' UNION ALL SELECT 'Can add group', 3, 'add_group' UNION ALL SELECT 'Can change group', 3, 'change_group' UNION ALL SELECT 'Can delete group', 3, 'delete_group' UNION ALL SELECT 'Can view group', 3, 'view_group'; args=('Can add permission', 2, 'add_permission', 'Can change permission', 2, 'change_permission', 'Can delete permission', 2, 'delete_permission', 'Can view permission', 2, 'view_permission', 'Can add group', 3, 'add_group', 'Can change group', 3, 'change_group', 'Can delete group', 3, 'delete_group', 'Can view group', 3, 'view_group')
(0.000) SELECT "django_content_type"."id", "django_content_type"."app_label", "django_content_type"."model" FROM "django_content_type" WHERE "django_content_type"."app_label" = 'auth'; args=('auth',)
(0.000) SELECT "django_content_type"."id", "django_content_type"."app_label", "django_content_type"."model" FROM "django_content_type" WHERE "django_content_type"."app_label" = 'contenttypes'; args=('contenttypes',)
(0.000) BEGIN; args=None
(0.000) INSERT INTO "django_content_type" ("app_label", "model") SELECT 'contenttypes', 'contenttype'; args=('contenttypes', 'contenttype')
(0.000) SELECT "django_content_type"."id", "django_content_type"."app_label", "django_content_type"."model" FROM "django_content_type" WHERE ("django_content_type"."app_label" = 'contenttypes' AND "django_content_type"."model" = 'contenttype'); args=('contenttypes', 'contenttype')
(0.000) SELECT "auth_permission"."content_type_id", "auth_permission"."codename" FROM "auth_permission" INNER JOIN "django_content_type" ON ("auth_permission"."content_type_id" = "django_content_type"."id") WHERE "auth_permission"."content_type_id" IN (4) ORDER BY "django_content_type"."app_label" ASC, "django_content_type"."model" ASC, "auth_permission"."codename" ASC; args=(4,)
(0.000) BEGIN; args=None
(0.000) INSERT INTO "auth_permission" ("name", "content_type_id", "codename") SELECT 'Can add content type', 4, 'add_contenttype' UNION ALL SELECT 'Can change content type', 4, 'change_contenttype' UNION ALL SELECT 'Can delete content type', 4, 'delete_contenttype' UNION ALL SELECT 'Can view content type', 4, 'view_contenttype'; args=('Can add content type', 4, 'add_contenttype', 'Can change content type', 4, 'change_contenttype', 'Can delete content type', 4, 'delete_contenttype', 'Can view content type', 4, 'view_contenttype')
(0.000) SELECT "django_content_type"."id", "django_content_type"."app_label", "django_content_type"."model" FROM "django_content_type" WHERE "django_content_type"."app_label" = 'contenttypes'; args=('contenttypes',)
(0.000) SELECT "django_content_type"."id", "django_content_type"."app_label", "django_content_type"."model" FROM "django_content_type" WHERE "django_content_type"."app_label" = 'sessions'; args=('sessions',)
(0.000) BEGIN; args=None
(0.000) INSERT INTO "django_content_type" ("app_label", "model") SELECT 'sessions', 'session'; args=('sessions', 'session')
(0.000) SELECT "django_content_type"."id", "django_content_type"."app_label", "django_content_type"."model" FROM "django_content_type" WHERE ("django_content_type"."app_label" = 'sessions' AND "django_content_type"."model" = 'session'); args=('sessions', 'session')
(0.000) SELECT "auth_permission"."content_type_id", "auth_permission"."codename" FROM "auth_permission" INNER JOIN "django_content_type" ON ("auth_permission"."content_type_id" = "django_content_type"."id") WHERE "auth_permission"."content_type_id" IN (5) ORDER BY "django_content_type"."app_label" ASC, "django_content_type"."model" ASC, "auth_permission"."codename" ASC; args=(5,)
(0.000) BEGIN; args=None
(0.000) INSERT INTO "auth_permission" ("name", "content_type_id", "codename") SELECT 'Can add session', 5, 'add_session' UNION ALL SELECT 'Can change session', 5, 'change_session' UNION ALL SELECT 'Can delete session', 5, 'delete_session' UNION ALL SELECT 'Can view session', 5, 'view_session'; args=('Can add session', 5, 'add_session', 'Can change session', 5, 'change_session', 'Can delete session', 5, 'delete_session', 'Can view session', 5, 'view_session')
(0.000) SELECT "django_content_type"."id", "django_content_type"."app_label", "django_content_type"."model" FROM "django_content_type" WHERE "django_content_type"."app_label" = 'sessions'; args=('sessions',)
(0.000) SELECT "django_content_type"."id", "django_content_type"."app_label", "django_content_type"."model" FROM "django_content_type" WHERE "django_content_type"."app_label" = 'main'; args=('main',)
(0.000) BEGIN; args=None
(0.000) INSERT INTO "django_content_type" ("app_label", "model") SELECT 'main', 'customuser' UNION ALL SELECT 'main', 'category'; args=('main', 'customuser', 'main', 'category')
(0.000) SELECT "django_content_type"."id", "django_content_type"."app_label", "django_content_type"."model" FROM "django_content_type" WHERE ("django_content_type"."app_label" = 'main' AND "django_content_type"."model" = 'customuser'); args=('main', 'customuser')
(0.000) SELECT "django_content_type"."id", "django_content_type"."app_label", "django_content_type"."model" FROM "django_content_type" WHERE ("django_content_type"."app_label" = 'main' AND "django_content_type"."model" = 'category'); args=('main', 'category')
(0.000) SELECT "auth_permission"."content_type_id", "auth_permission"."codename" FROM "auth_permission" INNER JOIN "django_content_type" ON ("auth_permission"."content_type_id" = "django_content_type"."id") WHERE "auth_permission"."content_type_id" IN (6, 7) ORDER BY "django_content_type"."app_label" ASC, "django_content_type"."model" ASC, "auth_permission"."codename" ASC; args=(6, 7)
(0.000) BEGIN; args=None
(0.000) INSERT INTO "auth_permission" ("name", "content_type_id", "codename") SELECT 'Can add user', 6, 'add_customuser' UNION ALL SELECT 'Can change user', 6, 'change_customuser' UNION ALL SELECT 'Can delete user', 6, 'delete_customuser' UNION ALL SELECT 'Can view user', 6, 'view_customuser' UNION ALL SELECT 'Can add category', 7, 'add_category' UNION ALL SELECT 'Can change category', 7, 'change_category' UNION ALL SELECT 'Can delete category', 7, 'delete_category' UNION ALL SELECT 'Can view category', 7, 'view_category'; args=('Can add user', 6, 'add_customuser', 'Can change user', 6, 'change_customuser', 'Can delete user', 6, 'delete_customuser', 'Can view user', 6, 'view_customuser', 'Can add category', 7, 'add_category', 'Can change category', 7, 'change_category', 'Can delete category', 7, 'delete_category', 'Can view category', 7, 'view_category')
(0.000) SELECT "django_content_type"."id", "django_content_type"."app_label", "django_content_type"."model" FROM "django_content_type" WHERE "django_content_type"."app_label" = 'main'; args=('main',)
Watching for file changes with StatReloader
Waiting for apps ready_event.
Apps ready_event triggered. Sending autoreload_started signal.
Watching dir /Users/karthikmacherla/Life/PennSem2/NETS150/roomatesearch/locale with glob **/*.mo.
Watching dir /anaconda3/lib/python3.6/site-packages/django/contrib/admin/locale with glob **/*.mo.
Watching dir /anaconda3/lib/python3.6/site-packages/django/contrib/auth/locale with glob **/*.mo.
Watching dir /anaconda3/lib/python3.6/site-packages/django/contrib/contenttypes/locale with glob **/*.mo.
Watching dir /anaconda3/lib/python3.6/site-packages/django/contrib/sessions/locale with glob **/*.mo.
Watching dir /anaconda3/lib/python3.6/site-packages/django/contrib/messages/locale with glob **/*.mo.
Watching dir /anaconda3/lib/python3.6/site-packages/django/contrib/staticfiles/locale with glob **/*.mo.
Watching dir /Users/karthikmacherla/Life/PennSem2/NETS150/roomatesearch/main/locale with glob **/*.mo.
(0.001) 
            SELECT name, type FROM sqlite_master
            WHERE type in ('table', 'view') AND NOT name='sqlite_sequence'
            ORDER BY name; args=None
(0.000) SELECT "django_migrations"."app", "django_migrations"."name" FROM "django_migrations"; args=()
"GET / HTTP/1.1" 200 934
"GET /main/signup/ HTTP/1.1" 200 1997
"GET /main/login/ HTTP/1.1" 200 1111
(0.001) SELECT "main_customuser"."id", "main_customuser"."password", "main_customuser"."last_login", "main_customuser"."is_superuser", "main_customuser"."username", "main_customuser"."first_name", "main_customuser"."last_name", "main_customuser"."email", "main_customuser"."is_staff", "main_customuser"."is_active", "main_customuser"."date_joined" FROM "main_customuser" WHERE "main_customuser"."username" = 'karthikmacherla'; args=('karthikmacherla',)
"POST /main/login/ HTTP/1.1" 200 1271
(0.000) SELECT "main_customuser"."id", "main_customuser"."password", "main_customuser"."last_login", "main_customuser"."is_superuser", "main_customuser"."username", "main_customuser"."first_name", "main_customuser"."last_name", "main_customuser"."email", "main_customuser"."is_staff", "main_customuser"."is_active", "main_customuser"."date_joined" FROM "main_customuser" WHERE "main_customuser"."username" = 'karthikmacherla'; args=('karthikmacherla',)
"POST /main/login/ HTTP/1.1" 200 1271
(0.001) SELECT "main_customuser"."id", "main_customuser"."password", "main_customuser"."last_login", "main_customuser"."is_superuser", "main_customuser"."username", "main_customuser"."first_name", "main_customuser"."last_name", "main_customuser"."email", "main_customuser"."is_staff", "main_customuser"."is_active", "main_customuser"."date_joined" FROM "main_customuser" WHERE "main_customuser"."username" = 'karthikmacherla'; args=('karthikmacherla',)
"POST /main/login/ HTTP/1.1" 200 1271
Exception while resolving variable 'name' in template 'unknown'.
Traceback (most recent call last):
  File "/anaconda3/lib/python3.6/site-packages/django/core/handlers/exception.py", line 34, in inner
    response = get_response(request)
  File "/anaconda3/lib/python3.6/site-packages/django/core/handlers/base.py", line 100, in _get_response
    resolver_match = resolver.resolve(request.path_info)
  File "/anaconda3/lib/python3.6/site-packages/django/urls/resolvers.py", line 558, in resolve
    raise Resolver404({'tried': tried, 'path': new_path})
django.urls.exceptions.Resolver404: {'tried': [[<URLPattern '' [name='landing']>], [<URLResolver <URLPattern list> (admin:admin) 'admin/'>], [<URLResolver <module 'main.urls' from '/Users/karthikmacherla/Life/PennSem2/NETS150/roomatesearch/main/urls.py'> (None:None) 'main/'>, <URLPattern 'signup/' [name='signup']>], [<URLResolver <module 'main.urls' from '/Users/karthikmacherla/Life/PennSem2/NETS150/roomatesearch/main/urls.py'> (None:None) 'main/'>, <URLPattern 'homepage/' [name='homepage']>], [<URLResolver <module 'main.urls' from '/Users/karthikmacherla/Life/PennSem2/NETS150/roomatesearch/main/urls.py'> (None:None) 'main/'>, <URLPattern 'dashboard/' [name='dashboard']>], [<URLResolver <module 'main.urls' from '/Users/karthikmacherla/Life/PennSem2/NETS150/roomatesearch/main/urls.py'> (None:None) 'main/'>, <URLPattern 'survey/' [name='survey']>], [<URLResolver <module 'django.contrib.auth.urls' from '/anaconda3/lib/python3.6/site-packages/django/contrib/auth/urls.py'> (None:None) 'main/'>, <URLPattern 'login/' [name='login']>], [<URLResolver <module 'django.contrib.auth.urls' from '/anaconda3/lib/python3.6/site-packages/django/contrib/auth/urls.py'> (None:None) 'main/'>, <URLPattern 'logout/' [name='logout']>], [<URLResolver <module 'django.contrib.auth.urls' from '/anaconda3/lib/python3.6/site-packages/django/contrib/auth/urls.py'> (None:None) 'main/'>, <URLPattern 'password_change/' [name='password_change']>], [<URLResolver <module 'django.contrib.auth.urls' from '/anaconda3/lib/python3.6/site-packages/django/contrib/auth/urls.py'> (None:None) 'main/'>, <URLPattern 'password_change/done/' [name='password_change_done']>], [<URLResolver <module 'django.contrib.auth.urls' from '/anaconda3/lib/python3.6/site-packages/django/contrib/auth/urls.py'> (None:None) 'main/'>, <URLPattern 'password_reset/' [name='password_reset']>], [<URLResolver <module 'django.contrib.auth.urls' from '/anaconda3/lib/python3.6/site-packages/django/contrib/auth/urls.py'> (None:None) 'main/'>, <URLPattern 'password_reset/done/' [name='password_reset_done']>], [<URLResolver <module 'django.contrib.auth.urls' from '/anaconda3/lib/python3.6/site-packages/django/contrib/auth/urls.py'> (None:None) 'main/'>, <URLPattern 'reset/<uidb64>/<token>/' [name='password_reset_confirm']>], [<URLResolver <module 'django.contrib.auth.urls' from '/anaconda3/lib/python3.6/site-packages/django/contrib/auth/urls.py'> (None:None) 'main/'>, <URLPattern 'reset/done/' [name='password_reset_complete']>]], 'path': 'main/'}

During handling of the above exception, another exception occurred:

Traceback (most recent call last):
  File "/anaconda3/lib/python3.6/site-packages/django/template/base.py", line 829, in _resolve_lookup
    current = current[bit]
TypeError: 'URLResolver' object is not subscriptable

During handling of the above exception, another exception occurred:

Traceback (most recent call last):
  File "/anaconda3/lib/python3.6/site-packages/django/template/base.py", line 837, in _resolve_lookup
    current = getattr(current, bit)
AttributeError: 'URLResolver' object has no attribute 'name'

During handling of the above exception, another exception occurred:

Traceback (most recent call last):
  File "/anaconda3/lib/python3.6/site-packages/django/template/base.py", line 843, in _resolve_lookup
    current = current[int(bit)]
ValueError: invalid literal for int() with base 10: 'name'

During handling of the above exception, another exception occurred:

Traceback (most recent call last):
  File "/anaconda3/lib/python3.6/site-packages/django/template/base.py", line 850, in _resolve_lookup
    (bit, current))  # missing attribute
django.template.base.VariableDoesNotExist: Failed lookup for key [name] in <URLResolver <URLPattern list> (admin:admin) 'admin/'>
Not Found: /main/
"GET /main/ HTTP/1.1" 404 4326
"GET / HTTP/1.1" 200 934
"GET /main/signup/ HTTP/1.1" 200 1997
(0.000) SELECT (1) AS "a" FROM "main_customuser" WHERE "main_customuser"."username" = 'karthikmacherla'  LIMIT 1; args=('karthikmacherla',)
"POST /main/signup/ HTTP/1.1" 200 2194
(0.000) SELECT (1) AS "a" FROM "main_customuser" WHERE "main_customuser"."username" = 'karthikmacherla'  LIMIT 1; args=('karthikmacherla',)
(0.003) INSERT INTO "main_customuser" ("password", "last_login", "is_superuser", "username", "first_name", "last_name", "email", "is_staff", "is_active", "date_joined") VALUES ('pbkdf2_sha256$150000$ZlK2QwQLynjT$ID7uZZupvzXx3mI3mtm3HC6BnqzaGVNKSrfsrcXcSi8=', NULL, 0, 'karthikmacherla', 'Karthik', 'Macherla', '', 0, 1, '2019-05-07 15:02:16.030744'); args=['pbkdf2_sha256$150000$ZlK2QwQLynjT$ID7uZZupvzXx3mI3mtm3HC6BnqzaGVNKSrfsrcXcSi8=', None, False, 'karthikmacherla', 'Karthik', 'Macherla', '', False, True, '2019-05-07 15:02:16.030744']
"POST /main/signup/ HTTP/1.1" 302 0
"GET /main/login/ HTTP/1.1" 200 1111
(0.000) SELECT "main_customuser"."id", "main_customuser"."password", "main_customuser"."last_login", "main_customuser"."is_superuser", "main_customuser"."username", "main_customuser"."first_name", "main_customuser"."last_name", "main_customuser"."email", "main_customuser"."is_staff", "main_customuser"."is_active", "main_customuser"."date_joined" FROM "main_customuser" WHERE "main_customuser"."username" = 'karthikmacherla'; args=('karthikmacherla',)
(0.000) SELECT "django_session"."session_key", "django_session"."session_data", "django_session"."expire_date" FROM "django_session" WHERE ("django_session"."expire_date" > '2019-05-07 15:02:25.207262' AND "django_session"."session_key" = 'lbpdmvw7snyage8gc3f2pzysrix7ujxy'); args=('2019-05-07 15:02:25.207262', 'lbpdmvw7snyage8gc3f2pzysrix7ujxy')
(0.000) SELECT (1) AS "a" FROM "django_session" WHERE "django_session"."session_key" = 'c4c0p5w8jmn9ko6qixvt1vzad8jud70m'  LIMIT 1; args=('c4c0p5w8jmn9ko6qixvt1vzad8jud70m',)
(0.000) BEGIN; args=None
(0.000) INSERT INTO "django_session" ("session_key", "session_data", "expire_date") SELECT 'c4c0p5w8jmn9ko6qixvt1vzad8jud70m', 'ZjA1NDhlNTJiN2UxNGU1MTJlYjM1MDY4Mjk2MjM1NmI2ZmE5OWMyYjp7fQ==', '2019-05-21 15:02:25.209268'; args=('c4c0p5w8jmn9ko6qixvt1vzad8jud70m', 'ZjA1NDhlNTJiN2UxNGU1MTJlYjM1MDY4Mjk2MjM1NmI2ZmE5OWMyYjp7fQ==', '2019-05-21 15:02:25.209268')
(0.001) UPDATE "main_customuser" SET "last_login" = '2019-05-07 15:02:25.217802' WHERE "main_customuser"."id" = 1; args=('2019-05-07 15:02:25.217802', 1)
(0.000) BEGIN; args=None
(0.000) UPDATE "django_session" SET "session_data" = 'NDg5Zjc2NDA0M2Y0ZDU2MjkxODIyYjliOWZhYzZkZWMzYzRhMDY2ZDp7Il9hdXRoX3VzZXJfaWQiOiIxIiwiX2F1dGhfdXNlcl9iYWNrZW5kIjoiZGphbmdvLmNvbnRyaWIuYXV0aC5iYWNrZW5kcy5Nb2RlbEJhY2tlbmQiLCJfYXV0aF91c2VyX2hhc2giOiIzZWY1NGQ5MmZlMjhjODJjNTBjZTg3YTdiYTU0Mzg5Y2FkMWJkNmI5In0=', "expire_date" = '2019-05-21 15:02:25.221212' WHERE "django_session"."session_key" = 'c4c0p5w8jmn9ko6qixvt1vzad8jud70m'; args=('NDg5Zjc2NDA0M2Y0ZDU2MjkxODIyYjliOWZhYzZkZWMzYzRhMDY2ZDp7Il9hdXRoX3VzZXJfaWQiOiIxIiwiX2F1dGhfdXNlcl9iYWNrZW5kIjoiZGphbmdvLmNvbnRyaWIuYXV0aC5iYWNrZW5kcy5Nb2RlbEJhY2tlbmQiLCJfYXV0aF91c2VyX2hhc2giOiIzZWY1NGQ5MmZlMjhjODJjNTBjZTg3YTdiYTU0Mzg5Y2FkMWJkNmI5In0=', '2019-05-21 15:02:25.221212', 'c4c0p5w8jmn9ko6qixvt1vzad8jud70m')
"POST /main/login/ HTTP/1.1" 302 0
(0.000) SELECT "django_session"."session_key", "django_session"."session_data", "django_session"."expire_date" FROM "django_session" WHERE ("django_session"."expire_date" > '2019-05-07 15:02:25.229548' AND "django_session"."session_key" = 'c4c0p5w8jmn9ko6qixvt1vzad8jud70m'); args=('2019-05-07 15:02:25.229548', 'c4c0p5w8jmn9ko6qixvt1vzad8jud70m')
(0.000) SELECT "main_customuser"."id", "main_customuser"."password", "main_customuser"."last_login", "main_customuser"."is_superuser", "main_customuser"."username", "main_customuser"."first_name", "main_customuser"."last_name", "main_customuser"."email", "main_customuser"."is_staff", "main_customuser"."is_active", "main_customuser"."date_joined" FROM "main_customuser" WHERE "main_customuser"."id" = 1; args=(1,)
(0.000) SELECT "main_category_users"."id", "main_category_users"."category_id", "main_category_users"."customuser_id" FROM "main_category_users" WHERE "main_category_users"."customuser_id" = 1; args=(1,)
(0.000) SELECT COUNT(*) AS "__count" FROM "main_category" INNER JOIN "main_category_users" ON ("main_category"."name" = "main_category_users"."category_id") WHERE "main_category_users"."customuser_id" = 1; args=(1,)
"GET /main/homepage/ HTTP/1.1" 302 0
(0.000) SELECT "django_session"."session_key", "django_session"."session_data", "django_session"."expire_date" FROM "django_session" WHERE ("django_session"."expire_date" > '2019-05-07 15:02:25.241488' AND "django_session"."session_key" = 'c4c0p5w8jmn9ko6qixvt1vzad8jud70m'); args=('2019-05-07 15:02:25.241488', 'c4c0p5w8jmn9ko6qixvt1vzad8jud70m')
(0.000) SELECT "main_customuser"."id", "main_customuser"."password", "main_customuser"."last_login", "main_customuser"."is_superuser", "main_customuser"."username", "main_customuser"."first_name", "main_customuser"."last_name", "main_customuser"."email", "main_customuser"."is_staff", "main_customuser"."is_active", "main_customuser"."date_joined" FROM "main_customuser" WHERE "main_customuser"."id" = 1; args=(1,)
"GET /main/survey/ HTTP/1.1" 200 1640
(0.000) SELECT "main_category"."name" FROM "main_category" WHERE "main_category"."name" = 'night_person'; args=('night_person',)
(0.000) SELECT (1) AS "a" FROM "main_category" WHERE "main_category"."name" = 'night_person'  LIMIT 1; args=('night_person',)
(0.006) INSERT INTO "main_category" ("name") SELECT 'night_person'; args=('night_person',)
(0.000) SELECT "main_category"."name" FROM "main_category" WHERE "main_category"."name" = 'substances'; args=('substances',)
(0.000) SELECT (1) AS "a" FROM "main_category" WHERE "main_category"."name" = 'substances'  LIMIT 1; args=('substances',)
(0.001) INSERT INTO "main_category" ("name") SELECT 'substances'; args=('substances',)
(0.000) SELECT "main_category"."name" FROM "main_category" WHERE "main_category"."name" = 'seas'; args=('seas',)
(0.000) SELECT (1) AS "a" FROM "main_category" WHERE "main_category"."name" = 'seas'  LIMIT 1; args=('seas',)
(0.001) INSERT INTO "main_category" ("name") SELECT 'seas'; args=('seas',)
(0.000) SELECT "main_category"."name" FROM "main_category" WHERE "main_category"."name" = 'tennis'; args=('tennis',)
(0.000) SELECT (1) AS "a" FROM "main_category" WHERE "main_category"."name" = 'tennis'  LIMIT 1; args=('tennis',)
(0.001) INSERT INTO "main_category" ("name") SELECT 'tennis'; args=('tennis',)
(0.000) BEGIN; args=None
(0.000) SELECT "django_session"."session_key", "django_session"."session_data", "django_session"."expire_date" FROM "django_session" WHERE ("django_session"."expire_date" > '2019-05-07 15:02:38.631115' AND "django_session"."session_key" = 'c4c0p5w8jmn9ko6qixvt1vzad8jud70m'); args=('2019-05-07 15:02:38.631115', 'c4c0p5w8jmn9ko6qixvt1vzad8jud70m')
(0.000) SELECT "main_customuser"."id", "main_customuser"."password", "main_customuser"."last_login", "main_customuser"."is_superuser", "main_customuser"."username", "main_customuser"."first_name", "main_customuser"."last_name", "main_customuser"."email", "main_customuser"."is_staff", "main_customuser"."is_active", "main_customuser"."date_joined" FROM "main_customuser" WHERE "main_customuser"."id" = 1; args=(1,)
(0.000) SELECT "main_category_users"."customuser_id" FROM "main_category_users" WHERE ("main_category_users"."category_id" = 'night_person' AND "main_category_users"."customuser_id" IN (1)); args=('night_person', 1)
(0.000) INSERT INTO "main_category_users" ("category_id", "customuser_id") SELECT 'night_person', 1; args=('night_person', 1)
(0.000) BEGIN; args=None
(0.000) SELECT "main_category_users"."customuser_id" FROM "main_category_users" WHERE ("main_category_users"."category_id" = 'substances' AND "main_category_users"."customuser_id" IN (1)); args=('substances', 1)
(0.000) INSERT INTO "main_category_users" ("category_id", "customuser_id") SELECT 'substances', 1; args=('substances', 1)
(0.000) BEGIN; args=None
(0.000) SELECT "main_category_users"."customuser_id" FROM "main_category_users" WHERE ("main_category_users"."category_id" = 'seas' AND "main_category_users"."customuser_id" IN (1)); args=('seas', 1)
(0.000) INSERT INTO "main_category_users" ("category_id", "customuser_id") SELECT 'seas', 1; args=('seas', 1)
(0.000) BEGIN; args=None
(0.000) SELECT "main_category_users"."customuser_id" FROM "main_category_users" WHERE ("main_category_users"."category_id" = 'tennis' AND "main_category_users"."customuser_id" IN (1)); args=('tennis', 1)
(0.000) INSERT INTO "main_category_users" ("category_id", "customuser_id") SELECT 'tennis', 1; args=('tennis', 1)
"POST /main/survey/ HTTP/1.1" 302 0
(0.000) SELECT "django_session"."session_key", "django_session"."session_data", "django_session"."expire_date" FROM "django_session" WHERE ("django_session"."expire_date" > '2019-05-07 15:02:38.649797' AND "django_session"."session_key" = 'c4c0p5w8jmn9ko6qixvt1vzad8jud70m'); args=('2019-05-07 15:02:38.649797', 'c4c0p5w8jmn9ko6qixvt1vzad8jud70m')
(0.000) SELECT "main_customuser"."id", "main_customuser"."password", "main_customuser"."last_login", "main_customuser"."is_superuser", "main_customuser"."username", "main_customuser"."first_name", "main_customuser"."last_name", "main_customuser"."email", "main_customuser"."is_staff", "main_customuser"."is_active", "main_customuser"."date_joined" FROM "main_customuser" WHERE "main_customuser"."id" = 1; args=(1,)
(0.000) SELECT "main_category_users"."id", "main_category_users"."category_id", "main_category_users"."customuser_id" FROM "main_category_users" WHERE "main_category_users"."customuser_id" = 1; args=(1,)
"GET /main/homepage/ HTTP/1.1" 302 0
(0.000) SELECT "django_session"."session_key", "django_session"."session_data", "django_session"."expire_date" FROM "django_session" WHERE ("django_session"."expire_date" > '2019-05-07 15:02:38.657369' AND "django_session"."session_key" = 'c4c0p5w8jmn9ko6qixvt1vzad8jud70m'); args=('2019-05-07 15:02:38.657369', 'c4c0p5w8jmn9ko6qixvt1vzad8jud70m')
(0.000) SELECT "main_customuser"."id", "main_customuser"."password", "main_customuser"."last_login", "main_customuser"."is_superuser", "main_customuser"."username", "main_customuser"."first_name", "main_customuser"."last_name", "main_customuser"."email", "main_customuser"."is_staff", "main_customuser"."is_active", "main_customuser"."date_joined" FROM "main_customuser" WHERE "main_customuser"."id" = 1; args=(1,)
(0.000) SELECT "main_category"."name" FROM "main_category" INNER JOIN "main_category_users" ON ("main_category"."name" = "main_category_users"."category_id") WHERE "main_category_users"."customuser_id" = 1; args=(1,)
(0.000) SELECT "main_customuser"."id", "main_customuser"."password", "main_customuser"."last_login", "main_customuser"."is_superuser", "main_customuser"."username", "main_customuser"."first_name", "main_customuser"."last_name", "main_customuser"."email", "main_customuser"."is_staff", "main_customuser"."is_active", "main_customuser"."date_joined" FROM "main_customuser" INNER JOIN "main_category_users" ON ("main_customuser"."id" = "main_category_users"."customuser_id") WHERE "main_category_users"."category_id" = 'night_person'; args=('night_person',)
(0.000) SELECT "main_customuser"."id", "main_customuser"."password", "main_customuser"."last_login", "main_customuser"."is_superuser", "main_customuser"."username", "main_customuser"."first_name", "main_customuser"."last_name", "main_customuser"."email", "main_customuser"."is_staff", "main_customuser"."is_active", "main_customuser"."date_joined" FROM "main_customuser" INNER JOIN "main_category_users" ON ("main_customuser"."id" = "main_category_users"."customuser_id") WHERE "main_category_users"."category_id" = 'substances'; args=('substances',)
(0.000) SELECT "main_customuser"."id", "main_customuser"."password", "main_customuser"."last_login", "main_customuser"."is_superuser", "main_customuser"."username", "main_customuser"."first_name", "main_customuser"."last_name", "main_customuser"."email", "main_customuser"."is_staff", "main_customuser"."is_active", "main_customuser"."date_joined" FROM "main_customuser" INNER JOIN "main_category_users" ON ("main_customuser"."id" = "main_category_users"."customuser_id") WHERE "main_category_users"."category_id" = 'seas'; args=('seas',)
(0.000) SELECT "main_customuser"."id", "main_customuser"."password", "main_customuser"."last_login", "main_customuser"."is_superuser", "main_customuser"."username", "main_customuser"."first_name", "main_customuser"."last_name", "main_customuser"."email", "main_customuser"."is_staff", "main_customuser"."is_active", "main_customuser"."date_joined" FROM "main_customuser" INNER JOIN "main_category_users" ON ("main_customuser"."id" = "main_category_users"."customuser_id") WHERE "main_category_users"."category_id" = 'tennis'; args=('tennis',)
"GET /main/dashboard/ HTTP/1.1" 200 10
(0.000) SELECT "django_session"."session_key", "django_session"."session_data", "django_session"."expire_date" FROM "django_session" WHERE ("django_session"."expire_date" > '2019-05-07 15:03:15.527051' AND "django_session"."session_key" = 'c4c0p5w8jmn9ko6qixvt1vzad8jud70m'); args=('2019-05-07 15:03:15.527051', 'c4c0p5w8jmn9ko6qixvt1vzad8jud70m')
(0.000) SELECT "main_customuser"."id", "main_customuser"."password", "main_customuser"."last_login", "main_customuser"."is_superuser", "main_customuser"."username", "main_customuser"."first_name", "main_customuser"."last_name", "main_customuser"."email", "main_customuser"."is_staff", "main_customuser"."is_active", "main_customuser"."date_joined" FROM "main_customuser" WHERE "main_customuser"."id" = 1; args=(1,)
"GET /main/survey/ HTTP/1.1" 200 1640
"GET /main/login/ HTTP/1.1" 200 1111
(0.001) SELECT "main_category"."name" FROM "main_category" WHERE "main_category"."name" = 'night_person'; args=('night_person',)
(0.000) SELECT "main_category"."name" FROM "main_category" WHERE "main_category"."name" = 'substances'; args=('substances',)
(0.000) SELECT "main_category"."name" FROM "main_category" WHERE "main_category"."name" = 'seas'; args=('seas',)
(0.000) SELECT "main_category"."name" FROM "main_category" WHERE "main_category"."name" = 'tennis'; args=('tennis',)
(0.000) BEGIN; args=None
(0.000) SELECT "django_session"."session_key", "django_session"."session_data", "django_session"."expire_date" FROM "django_session" WHERE ("django_session"."expire_date" > '2019-05-07 15:03:21.195574' AND "django_session"."session_key" = 'c4c0p5w8jmn9ko6qixvt1vzad8jud70m'); args=('2019-05-07 15:03:21.195574', 'c4c0p5w8jmn9ko6qixvt1vzad8jud70m')
(0.000) SELECT "main_customuser"."id", "main_customuser"."password", "main_customuser"."last_login", "main_customuser"."is_superuser", "main_customuser"."username", "main_customuser"."first_name", "main_customuser"."last_name", "main_customuser"."email", "main_customuser"."is_staff", "main_customuser"."is_active", "main_customuser"."date_joined" FROM "main_customuser" WHERE "main_customuser"."id" = 1; args=(1,)
(0.000) SELECT "main_category_users"."customuser_id" FROM "main_category_users" WHERE ("main_category_users"."category_id" = 'night_person' AND "main_category_users"."customuser_id" IN (1)); args=('night_person', 1)
(0.000) BEGIN; args=None
(0.000) SELECT "main_category_users"."customuser_id" FROM "main_category_users" WHERE ("main_category_users"."category_id" = 'substances' AND "main_category_users"."customuser_id" IN (1)); args=('substances', 1)
(0.000) BEGIN; args=None
(0.000) SELECT "main_category_users"."customuser_id" FROM "main_category_users" WHERE ("main_category_users"."category_id" = 'seas' AND "main_category_users"."customuser_id" IN (1)); args=('seas', 1)
(0.000) BEGIN; args=None
(0.000) SELECT "main_category_users"."customuser_id" FROM "main_category_users" WHERE ("main_category_users"."category_id" = 'tennis' AND "main_category_users"."customuser_id" IN (1)); args=('tennis', 1)
"POST /main/survey/ HTTP/1.1" 302 0
(0.000) SELECT "django_session"."session_key", "django_session"."session_data", "django_session"."expire_date" FROM "django_session" WHERE ("django_session"."expire_date" > '2019-05-07 15:03:21.205643' AND "django_session"."session_key" = 'c4c0p5w8jmn9ko6qixvt1vzad8jud70m'); args=('2019-05-07 15:03:21.205643', 'c4c0p5w8jmn9ko6qixvt1vzad8jud70m')
(0.000) SELECT "main_customuser"."id", "main_customuser"."password", "main_customuser"."last_login", "main_customuser"."is_superuser", "main_customuser"."username", "main_customuser"."first_name", "main_customuser"."last_name", "main_customuser"."email", "main_customuser"."is_staff", "main_customuser"."is_active", "main_customuser"."date_joined" FROM "main_customuser" WHERE "main_customuser"."id" = 1; args=(1,)
(0.000) SELECT "main_category_users"."id", "main_category_users"."category_id", "main_category_users"."customuser_id" FROM "main_category_users" WHERE "main_category_users"."customuser_id" = 1; args=(1,)
"GET /main/homepage/ HTTP/1.1" 302 0
(0.000) SELECT "django_session"."session_key", "django_session"."session_data", "django_session"."expire_date" FROM "django_session" WHERE ("django_session"."expire_date" > '2019-05-07 15:03:21.214494' AND "django_session"."session_key" = 'c4c0p5w8jmn9ko6qixvt1vzad8jud70m'); args=('2019-05-07 15:03:21.214494', 'c4c0p5w8jmn9ko6qixvt1vzad8jud70m')
(0.000) SELECT "main_customuser"."id", "main_customuser"."password", "main_customuser"."last_login", "main_customuser"."is_superuser", "main_customuser"."username", "main_customuser"."first_name", "main_customuser"."last_name", "main_customuser"."email", "main_customuser"."is_staff", "main_customuser"."is_active", "main_customuser"."date_joined" FROM "main_customuser" WHERE "main_customuser"."id" = 1; args=(1,)
(0.000) SELECT "main_category"."name" FROM "main_category" INNER JOIN "main_category_users" ON ("main_category"."name" = "main_category_users"."category_id") WHERE "main_category_users"."customuser_id" = 1; args=(1,)
(0.000) SELECT "main_customuser"."id", "main_customuser"."password", "main_customuser"."last_login", "main_customuser"."is_superuser", "main_customuser"."username", "main_customuser"."first_name", "main_customuser"."last_name", "main_customuser"."email", "main_customuser"."is_staff", "main_customuser"."is_active", "main_customuser"."date_joined" FROM "main_customuser" INNER JOIN "main_category_users" ON ("main_customuser"."id" = "main_category_users"."customuser_id") WHERE "main_category_users"."category_id" = 'night_person'; args=('night_person',)
(0.000) SELECT "main_customuser"."id", "main_customuser"."password", "main_customuser"."last_login", "main_customuser"."is_superuser", "main_customuser"."username", "main_customuser"."first_name", "main_customuser"."last_name", "main_customuser"."email", "main_customuser"."is_staff", "main_customuser"."is_active", "main_customuser"."date_joined" FROM "main_customuser" INNER JOIN "main_category_users" ON ("main_customuser"."id" = "main_category_users"."customuser_id") WHERE "main_category_users"."category_id" = 'substances'; args=('substances',)
(0.000) SELECT "main_customuser"."id", "main_customuser"."password", "main_customuser"."last_login", "main_customuser"."is_superuser", "main_customuser"."username", "main_customuser"."first_name", "main_customuser"."last_name", "main_customuser"."email", "main_customuser"."is_staff", "main_customuser"."is_active", "main_customuser"."date_joined" FROM "main_customuser" INNER JOIN "main_category_users" ON ("main_customuser"."id" = "main_category_users"."customuser_id") WHERE "main_category_users"."category_id" = 'seas'; args=('seas',)
(0.000) SELECT "main_customuser"."id", "main_customuser"."password", "main_customuser"."last_login", "main_customuser"."is_superuser", "main_customuser"."username", "main_customuser"."first_name", "main_customuser"."last_name", "main_customuser"."email", "main_customuser"."is_staff", "main_customuser"."is_active", "main_customuser"."date_joined" FROM "main_customuser" INNER JOIN "main_category_users" ON ("main_customuser"."id" = "main_category_users"."customuser_id") WHERE "main_category_users"."category_id" = 'tennis'; args=('tennis',)
"GET /main/dashboard/ HTTP/1.1" 200 10
Watching for file changes with StatReloader
Waiting for apps ready_event.
Apps ready_event triggered. Sending autoreload_started signal.
Watching dir /Users/karthikmacherla/Life/PennSem2/NETS150/roomatesearch/locale with glob **/*.mo.
Watching dir /anaconda3/lib/python3.6/site-packages/django/contrib/admin/locale with glob **/*.mo.
Watching dir /anaconda3/lib/python3.6/site-packages/django/contrib/auth/locale with glob **/*.mo.
Watching dir /anaconda3/lib/python3.6/site-packages/django/contrib/contenttypes/locale with glob **/*.mo.
Watching dir /anaconda3/lib/python3.6/site-packages/django/contrib/sessions/locale with glob **/*.mo.
Watching dir /anaconda3/lib/python3.6/site-packages/django/contrib/messages/locale with glob **/*.mo.
Watching dir /anaconda3/lib/python3.6/site-packages/django/contrib/staticfiles/locale with glob **/*.mo.
Watching dir /Users/karthikmacherla/Life/PennSem2/NETS150/roomatesearch/main/locale with glob **/*.mo.
(0.003) 
            SELECT name, type FROM sqlite_master
            WHERE type in ('table', 'view') AND NOT name='sqlite_sequence'
            ORDER BY name; args=None
(0.000) 
            SELECT name, type FROM sqlite_master
            WHERE type in ('table', 'view') AND NOT name='sqlite_sequence'
            ORDER BY name; args=None
(0.000) 
            SELECT name, type FROM sqlite_master
            WHERE type in ('table', 'view') AND NOT name='sqlite_sequence'
            ORDER BY name; args=None
(0.000) 
            SELECT name, type FROM sqlite_master
            WHERE type in ('table', 'view') AND NOT name='sqlite_sequence'
            ORDER BY name; args=None
(0.000) PRAGMA foreign_keys = OFF; args=None
(0.000) PRAGMA foreign_keys; args=None
(0.000) BEGIN; args=None
CREATE TABLE "django_migrations" ("id" integer NOT NULL PRIMARY KEY AUTOINCREMENT, "app" varchar(255) NOT NULL, "name" varchar(255) NOT NULL, "applied" datetime NOT NULL); (params None)
(0.002) CREATE TABLE "django_migrations" ("id" integer NOT NULL PRIMARY KEY AUTOINCREMENT, "app" varchar(255) NOT NULL, "name" varchar(255) NOT NULL, "applied" datetime NOT NULL); args=None
(0.000) PRAGMA foreign_key_check; args=None
(0.000) PRAGMA foreign_keys = ON; args=None
(0.000) PRAGMA foreign_keys = OFF; args=None
(0.000) PRAGMA foreign_keys; args=None
(0.000) BEGIN; args=None
CREATE TABLE "django_content_type" ("id" integer NOT NULL PRIMARY KEY AUTOINCREMENT, "name" varchar(100) NOT NULL, "app_label" varchar(100) NOT NULL, "model" varchar(100) NOT NULL); (params None)
(0.000) CREATE TABLE "django_content_type" ("id" integer NOT NULL PRIMARY KEY AUTOINCREMENT, "name" varchar(100) NOT NULL, "app_label" varchar(100) NOT NULL, "model" varchar(100) NOT NULL); args=None
CREATE UNIQUE INDEX "django_content_type_app_label_model_76bd3d3b_uniq" ON "django_content_type" ("app_label", "model"); (params ())
(0.000) CREATE UNIQUE INDEX "django_content_type_app_label_model_76bd3d3b_uniq" ON "django_content_type" ("app_label", "model"); args=()
(0.000) 
            SELECT name, type FROM sqlite_master
            WHERE type in ('table', 'view') AND NOT name='sqlite_sequence'
            ORDER BY name; args=None
(0.000) INSERT INTO "django_migrations" ("app", "name", "applied") VALUES ('contenttypes', '0001_initial', '2019-05-08 02:23:51.282043'); args=['contenttypes', '0001_initial', '2019-05-08 02:23:51.282043']
(0.000) PRAGMA foreign_key_check; args=None
(0.000) PRAGMA foreign_keys = ON; args=None
(0.000) PRAGMA foreign_keys = OFF; args=None
(0.000) PRAGMA foreign_keys; args=None
(0.000) BEGIN; args=None
CREATE TABLE "new__django_content_type" ("id" integer NOT NULL PRIMARY KEY AUTOINCREMENT, "app_label" varchar(100) NOT NULL, "model" varchar(100) NOT NULL, "name" varchar(100) NULL); (params None)
(0.000) CREATE TABLE "new__django_content_type" ("id" integer NOT NULL PRIMARY KEY AUTOINCREMENT, "app_label" varchar(100) NOT NULL, "model" varchar(100) NOT NULL, "name" varchar(100) NULL); args=None
INSERT INTO "new__django_content_type" ("id", "app_label", "model", "name") SELECT "id", "app_label", "model", "name" FROM "django_content_type"; (params ())
(0.000) INSERT INTO "new__django_content_type" ("id", "app_label", "model", "name") SELECT "id", "app_label", "model", "name" FROM "django_content_type"; args=()
DROP TABLE "django_content_type"; (params ())
(0.000) DROP TABLE "django_content_type"; args=()
ALTER TABLE "new__django_content_type" RENAME TO "django_content_type"; (params ())
(0.000) ALTER TABLE "new__django_content_type" RENAME TO "django_content_type"; args=()
CREATE UNIQUE INDEX "django_content_type_app_label_model_76bd3d3b_uniq" ON "django_content_type" ("app_label", "model"); (params ())
(0.000) CREATE UNIQUE INDEX "django_content_type_app_label_model_76bd3d3b_uniq" ON "django_content_type" ("app_label", "model"); args=()
CREATE TABLE "new__django_content_type" ("id" integer NOT NULL PRIMARY KEY AUTOINCREMENT, "app_label" varchar(100) NOT NULL, "model" varchar(100) NOT NULL); (params None)
(0.000) CREATE TABLE "new__django_content_type" ("id" integer NOT NULL PRIMARY KEY AUTOINCREMENT, "app_label" varchar(100) NOT NULL, "model" varchar(100) NOT NULL); args=None
INSERT INTO "new__django_content_type" ("id", "app_label", "model") SELECT "id", "app_label", "model" FROM "django_content_type"; (params ())
(0.000) INSERT INTO "new__django_content_type" ("id", "app_label", "model") SELECT "id", "app_label", "model" FROM "django_content_type"; args=()
DROP TABLE "django_content_type"; (params ())
(0.000) DROP TABLE "django_content_type"; args=()
ALTER TABLE "new__django_content_type" RENAME TO "django_content_type"; (params ())
(0.000) ALTER TABLE "new__django_content_type" RENAME TO "django_content_type"; args=()
CREATE UNIQUE INDEX "django_content_type_app_label_model_76bd3d3b_uniq" ON "django_content_type" ("app_label", "model"); (params ())
(0.000) CREATE UNIQUE INDEX "django_content_type_app_label_model_76bd3d3b_uniq" ON "django_content_type" ("app_label", "model"); args=()
(0.000) 
            SELECT name, type FROM sqlite_master
            WHERE type in ('table', 'view') AND NOT name='sqlite_sequence'
            ORDER BY name; args=None
(0.000) INSERT INTO "django_migrations" ("app", "name", "applied") VALUES ('contenttypes', '0002_remove_content_type_name', '2019-05-08 02:23:51.294839'); args=['contenttypes', '0002_remove_content_type_name', '2019-05-08 02:23:51.294839']
(0.000) PRAGMA foreign_key_check; args=None
(0.000) PRAGMA foreign_keys = ON; args=None
(0.000) PRAGMA foreign_keys = OFF; args=None
(0.000) PRAGMA foreign_keys; args=None
(0.000) BEGIN; args=None
CREATE TABLE "auth_permission" ("id" integer NOT NULL PRIMARY KEY AUTOINCREMENT, "name" varchar(50) NOT NULL, "content_type_id" integer NOT NULL REFERENCES "django_content_type" ("id") DEFERRABLE INITIALLY DEFERRED, "codename" varchar(100) NOT NULL); (params None)
(0.000) CREATE TABLE "auth_permission" ("id" integer NOT NULL PRIMARY KEY AUTOINCREMENT, "name" varchar(50) NOT NULL, "content_type_id" integer NOT NULL REFERENCES "django_content_type" ("id") DEFERRABLE INITIALLY DEFERRED, "codename" varchar(100) NOT NULL); args=None
CREATE TABLE "auth_group" ("id" integer NOT NULL PRIMARY KEY AUTOINCREMENT, "name" varchar(80) NOT NULL UNIQUE); (params None)
(0.000) CREATE TABLE "auth_group" ("id" integer NOT NULL PRIMARY KEY AUTOINCREMENT, "name" varchar(80) NOT NULL UNIQUE); args=None
CREATE TABLE "auth_group_permissions" ("id" integer NOT NULL PRIMARY KEY AUTOINCREMENT, "group_id" integer NOT NULL REFERENCES "auth_group" ("id") DEFERRABLE INITIALLY DEFERRED, "permission_id" integer NOT NULL REFERENCES "auth_permission" ("id") DEFERRABLE INITIALLY DEFERRED); (params None)
(0.000) CREATE TABLE "auth_group_permissions" ("id" integer NOT NULL PRIMARY KEY AUTOINCREMENT, "group_id" integer NOT NULL REFERENCES "auth_group" ("id") DEFERRABLE INITIALLY DEFERRED, "permission_id" integer NOT NULL REFERENCES "auth_permission" ("id") DEFERRABLE INITIALLY DEFERRED); args=None
(0.000) 
            SELECT name, type FROM sqlite_master
            WHERE type in ('table', 'view') AND NOT name='sqlite_sequence'
            ORDER BY name; args=None
(0.000) INSERT INTO "django_migrations" ("app", "name", "applied") VALUES ('auth', '0001_initial', '2019-05-08 02:23:51.306790'); args=['auth', '0001_initial', '2019-05-08 02:23:51.306790']
(0.000) PRAGMA foreign_key_check; args=None
CREATE UNIQUE INDEX "auth_permission_content_type_id_codename_01ab375a_uniq" ON "auth_permission" ("content_type_id", "codename"); (params ())
(0.000) CREATE UNIQUE INDEX "auth_permission_content_type_id_codename_01ab375a_uniq" ON "auth_permission" ("content_type_id", "codename"); args=()
CREATE INDEX "auth_permission_content_type_id_2f476e4b" ON "auth_permission" ("content_type_id"); (params ())
(0.000) CREATE INDEX "auth_permission_content_type_id_2f476e4b" ON "auth_permission" ("content_type_id"); args=()
CREATE UNIQUE INDEX "auth_group_permissions_group_id_permission_id_0cd325b0_uniq" ON "auth_group_permissions" ("group_id", "permission_id"); (params ())
(0.000) CREATE UNIQUE INDEX "auth_group_permissions_group_id_permission_id_0cd325b0_uniq" ON "auth_group_permissions" ("group_id", "permission_id"); args=()
CREATE INDEX "auth_group_permissions_group_id_b120cbf9" ON "auth_group_permissions" ("group_id"); (params ())
(0.000) CREATE INDEX "auth_group_permissions_group_id_b120cbf9" ON "auth_group_permissions" ("group_id"); args=()
CREATE INDEX "auth_group_permissions_permission_id_84c5c92e" ON "auth_group_permissions" ("permission_id"); (params ())
(0.000) CREATE INDEX "auth_group_permissions_permission_id_84c5c92e" ON "auth_group_permissions" ("permission_id"); args=()
(0.000) PRAGMA foreign_keys = ON; args=None
(0.000) PRAGMA foreign_keys = OFF; args=None
(0.000) PRAGMA foreign_keys; args=None
(0.000) BEGIN; args=None
CREATE TABLE "new__auth_permission" ("id" integer NOT NULL PRIMARY KEY AUTOINCREMENT, "content_type_id" integer NOT NULL REFERENCES "django_content_type" ("id") DEFERRABLE INITIALLY DEFERRED, "codename" varchar(100) NOT NULL, "name" varchar(255) NOT NULL); (params None)
(0.000) CREATE TABLE "new__auth_permission" ("id" integer NOT NULL PRIMARY KEY AUTOINCREMENT, "content_type_id" integer NOT NULL REFERENCES "django_content_type" ("id") DEFERRABLE INITIALLY DEFERRED, "codename" varchar(100) NOT NULL, "name" varchar(255) NOT NULL); args=None
INSERT INTO "new__auth_permission" ("id", "content_type_id", "codename", "name") SELECT "id", "content_type_id", "codename", "name" FROM "auth_permission"; (params ())
(0.000) INSERT INTO "new__auth_permission" ("id", "content_type_id", "codename", "name") SELECT "id", "content_type_id", "codename", "name" FROM "auth_permission"; args=()
DROP TABLE "auth_permission"; (params ())
(0.000) DROP TABLE "auth_permission"; args=()
ALTER TABLE "new__auth_permission" RENAME TO "auth_permission"; (params ())
(0.000) ALTER TABLE "new__auth_permission" RENAME TO "auth_permission"; args=()
CREATE UNIQUE INDEX "auth_permission_content_type_id_codename_01ab375a_uniq" ON "auth_permission" ("content_type_id", "codename"); (params ())
(0.000) CREATE UNIQUE INDEX "auth_permission_content_type_id_codename_01ab375a_uniq" ON "auth_permission" ("content_type_id", "codename"); args=()
CREATE INDEX "auth_permission_content_type_id_2f476e4b" ON "auth_permission" ("content_type_id"); (params ())
(0.000) CREATE INDEX "auth_permission_content_type_id_2f476e4b" ON "auth_permission" ("content_type_id"); args=()
(0.000) 
            SELECT name, type FROM sqlite_master
            WHERE type in ('table', 'view') AND NOT name='sqlite_sequence'
            ORDER BY name; args=None
(0.000) INSERT INTO "django_migrations" ("app", "name", "applied") VALUES ('auth', '0002_alter_permission_name_max_length', '2019-05-08 02:23:51.317556'); args=['auth', '0002_alter_permission_name_max_length', '2019-05-08 02:23:51.317556']
(0.000) PRAGMA foreign_key_check; args=None
(0.000) PRAGMA foreign_keys = ON; args=None
(0.000) PRAGMA foreign_keys = OFF; args=None
(0.000) PRAGMA foreign_keys; args=None
(0.000) BEGIN; args=None
(0.000) 
            SELECT name, type FROM sqlite_master
            WHERE type in ('table', 'view') AND NOT name='sqlite_sequence'
            ORDER BY name; args=None
(0.000) INSERT INTO "django_migrations" ("app", "name", "applied") VALUES ('auth', '0003_alter_user_email_max_length', '2019-05-08 02:23:51.323841'); args=['auth', '0003_alter_user_email_max_length', '2019-05-08 02:23:51.323841']
(0.000) PRAGMA foreign_key_check; args=None
(0.000) PRAGMA foreign_keys = ON; args=None
(0.000) PRAGMA foreign_keys = OFF; args=None
(0.000) PRAGMA foreign_keys; args=None
(0.000) BEGIN; args=None
(0.000) 
            SELECT name, type FROM sqlite_master
            WHERE type in ('table', 'view') AND NOT name='sqlite_sequence'
            ORDER BY name; args=None
(0.000) INSERT INTO "django_migrations" ("app", "name", "applied") VALUES ('auth', '0004_alter_user_username_opts', '2019-05-08 02:23:51.329890'); args=['auth', '0004_alter_user_username_opts', '2019-05-08 02:23:51.329890']
(0.000) PRAGMA foreign_key_check; args=None
(0.000) PRAGMA foreign_keys = ON; args=None
(0.000) PRAGMA foreign_keys = OFF; args=None
(0.000) PRAGMA foreign_keys; args=None
(0.000) BEGIN; args=None
(0.000) 
            SELECT name, type FROM sqlite_master
            WHERE type in ('table', 'view') AND NOT name='sqlite_sequence'
            ORDER BY name; args=None
(0.000) INSERT INTO "django_migrations" ("app", "name", "applied") VALUES ('auth', '0005_alter_user_last_login_null', '2019-05-08 02:23:51.335840'); args=['auth', '0005_alter_user_last_login_null', '2019-05-08 02:23:51.335840']
(0.000) PRAGMA foreign_key_check; args=None
(0.000) PRAGMA foreign_keys = ON; args=None
(0.000) PRAGMA foreign_keys = OFF; args=None
(0.000) PRAGMA foreign_keys; args=None
(0.000) BEGIN; args=None
(0.000) 
            SELECT name, type FROM sqlite_master
            WHERE type in ('table', 'view') AND NOT name='sqlite_sequence'
            ORDER BY name; args=None
(0.000) INSERT INTO "django_migrations" ("app", "name", "applied") VALUES ('auth', '0006_require_contenttypes_0002', '2019-05-08 02:23:51.338723'); args=['auth', '0006_require_contenttypes_0002', '2019-05-08 02:23:51.338723']
(0.000) PRAGMA foreign_key_check; args=None
(0.000) PRAGMA foreign_keys = ON; args=None
(0.000) PRAGMA foreign_keys = OFF; args=None
(0.000) PRAGMA foreign_keys; args=None
(0.000) BEGIN; args=None
(0.000) 
            SELECT name, type FROM sqlite_master
            WHERE type in ('table', 'view') AND NOT name='sqlite_sequence'
            ORDER BY name; args=None
(0.000) INSERT INTO "django_migrations" ("app", "name", "applied") VALUES ('auth', '0007_alter_validators_add_error_messages', '2019-05-08 02:23:51.345812'); args=['auth', '0007_alter_validators_add_error_messages', '2019-05-08 02:23:51.345812']
(0.000) PRAGMA foreign_key_check; args=None
(0.000) PRAGMA foreign_keys = ON; args=None
(0.000) PRAGMA foreign_keys = OFF; args=None
(0.000) PRAGMA foreign_keys; args=None
(0.000) BEGIN; args=None
(0.000) 
            SELECT name, type FROM sqlite_master
            WHERE type in ('table', 'view') AND NOT name='sqlite_sequence'
            ORDER BY name; args=None
(0.000) INSERT INTO "django_migrations" ("app", "name", "applied") VALUES ('auth', '0008_alter_user_username_max_length', '2019-05-08 02:23:51.352140'); args=['auth', '0008_alter_user_username_max_length', '2019-05-08 02:23:51.352140']
(0.000) PRAGMA foreign_key_check; args=None
(0.000) PRAGMA foreign_keys = ON; args=None
(0.000) PRAGMA foreign_keys = OFF; args=None
(0.000) PRAGMA foreign_keys; args=None
(0.000) BEGIN; args=None
(0.000) 
            SELECT name, type FROM sqlite_master
            WHERE type in ('table', 'view') AND NOT name='sqlite_sequence'
            ORDER BY name; args=None
(0.000) INSERT INTO "django_migrations" ("app", "name", "applied") VALUES ('auth', '0009_alter_user_last_name_max_length', '2019-05-08 02:23:51.358246'); args=['auth', '0009_alter_user_last_name_max_length', '2019-05-08 02:23:51.358246']
(0.000) PRAGMA foreign_key_check; args=None
(0.000) PRAGMA foreign_keys = ON; args=None
(0.000) PRAGMA foreign_keys = OFF; args=None
(0.000) PRAGMA foreign_keys; args=None
(0.000) BEGIN; args=None
CREATE TABLE "new__auth_group" ("id" integer NOT NULL PRIMARY KEY AUTOINCREMENT, "name" varchar(150) NOT NULL UNIQUE); (params None)
(0.000) CREATE TABLE "new__auth_group" ("id" integer NOT NULL PRIMARY KEY AUTOINCREMENT, "name" varchar(150) NOT NULL UNIQUE); args=None
INSERT INTO "new__auth_group" ("id", "name") SELECT "id", "name" FROM "auth_group"; (params ())
(0.000) INSERT INTO "new__auth_group" ("id", "name") SELECT "id", "name" FROM "auth_group"; args=()
DROP TABLE "auth_group"; (params ())
(0.000) DROP TABLE "auth_group"; args=()
ALTER TABLE "new__auth_group" RENAME TO "auth_group"; (params ())
(0.000) ALTER TABLE "new__auth_group" RENAME TO "auth_group"; args=()
(0.000) 
            SELECT name, type FROM sqlite_master
            WHERE type in ('table', 'view') AND NOT name='sqlite_sequence'
            ORDER BY name; args=None
(0.000) INSERT INTO "django_migrations" ("app", "name", "applied") VALUES ('auth', '0010_alter_group_name_max_length', '2019-05-08 02:23:51.364252'); args=['auth', '0010_alter_group_name_max_length', '2019-05-08 02:23:51.364252']
(0.000) PRAGMA foreign_key_check; args=None
(0.000) PRAGMA foreign_keys = ON; args=None
(0.000) PRAGMA foreign_keys = OFF; args=None
(0.000) PRAGMA foreign_keys; args=None
(0.000) BEGIN; args=None
(0.000) 
            SELECT name, type FROM sqlite_master
            WHERE type in ('table', 'view') AND NOT name='sqlite_sequence'
            ORDER BY name; args=None
(0.000) INSERT INTO "django_migrations" ("app", "name", "applied") VALUES ('auth', '0011_update_proxy_permissions', '2019-05-08 02:23:51.370558'); args=['auth', '0011_update_proxy_permissions', '2019-05-08 02:23:51.370558']
(0.000) PRAGMA foreign_key_check; args=None
(0.000) PRAGMA foreign_keys = ON; args=None
(0.000) PRAGMA foreign_keys = OFF; args=None
(0.000) PRAGMA foreign_keys; args=None
(0.000) BEGIN; args=None
CREATE TABLE "main_roomatesurvery" ("id" integer NOT NULL PRIMARY KEY AUTOINCREMENT, "do_you_drink" bool NOT NULL, "do_you_smoke" bool NOT NULL, "are_you_sporty" bool NOT NULL, "do_you_game" bool NOT NULL, "type_of_gamer" varchar(10) NOT NULL); (params None)
(0.000) CREATE TABLE "main_roomatesurvery" ("id" integer NOT NULL PRIMARY KEY AUTOINCREMENT, "do_you_drink" bool NOT NULL, "do_you_smoke" bool NOT NULL, "are_you_sporty" bool NOT NULL, "do_you_game" bool NOT NULL, "type_of_gamer" varchar(10) NOT NULL); args=None
CREATE TABLE "main_customuser" ("id" integer NOT NULL PRIMARY KEY AUTOINCREMENT, "password" varchar(128) NOT NULL, "last_login" datetime NULL, "is_superuser" bool NOT NULL, "username" varchar(150) NOT NULL UNIQUE, "first_name" varchar(30) NOT NULL, "last_name" varchar(150) NOT NULL, "email" varchar(254) NOT NULL, "is_staff" bool NOT NULL, "is_active" bool NOT NULL, "date_joined" datetime NOT NULL); (params None)
(0.000) CREATE TABLE "main_customuser" ("id" integer NOT NULL PRIMARY KEY AUTOINCREMENT, "password" varchar(128) NOT NULL, "last_login" datetime NULL, "is_superuser" bool NOT NULL, "username" varchar(150) NOT NULL UNIQUE, "first_name" varchar(30) NOT NULL, "last_name" varchar(150) NOT NULL, "email" varchar(254) NOT NULL, "is_staff" bool NOT NULL, "is_active" bool NOT NULL, "date_joined" datetime NOT NULL); args=None
CREATE TABLE "main_customuser_groups" ("id" integer NOT NULL PRIMARY KEY AUTOINCREMENT, "customuser_id" integer NOT NULL REFERENCES "main_customuser" ("id") DEFERRABLE INITIALLY DEFERRED, "group_id" integer NOT NULL REFERENCES "auth_group" ("id") DEFERRABLE INITIALLY DEFERRED); (params None)
(0.000) CREATE TABLE "main_customuser_groups" ("id" integer NOT NULL PRIMARY KEY AUTOINCREMENT, "customuser_id" integer NOT NULL REFERENCES "main_customuser" ("id") DEFERRABLE INITIALLY DEFERRED, "group_id" integer NOT NULL REFERENCES "auth_group" ("id") DEFERRABLE INITIALLY DEFERRED); args=None
CREATE TABLE "main_customuser_user_permissions" ("id" integer NOT NULL PRIMARY KEY AUTOINCREMENT, "customuser_id" integer NOT NULL REFERENCES "main_customuser" ("id") DEFERRABLE INITIALLY DEFERRED, "permission_id" integer NOT NULL REFERENCES "auth_permission" ("id") DEFERRABLE INITIALLY DEFERRED); (params None)
(0.000) CREATE TABLE "main_customuser_user_permissions" ("id" integer NOT NULL PRIMARY KEY AUTOINCREMENT, "customuser_id" integer NOT NULL REFERENCES "main_customuser" ("id") DEFERRABLE INITIALLY DEFERRED, "permission_id" integer NOT NULL REFERENCES "auth_permission" ("id") DEFERRABLE INITIALLY DEFERRED); args=None
(0.000) 
            SELECT name, type FROM sqlite_master
            WHERE type in ('table', 'view') AND NOT name='sqlite_sequence'
            ORDER BY name; args=None
(0.000) INSERT INTO "django_migrations" ("app", "name", "applied") VALUES ('main', '0001_initial', '2019-05-08 02:23:51.379555'); args=['main', '0001_initial', '2019-05-08 02:23:51.379555']
(0.000) PRAGMA foreign_key_check; args=None
CREATE UNIQUE INDEX "main_customuser_groups_customuser_id_group_id_8a5023dd_uniq" ON "main_customuser_groups" ("customuser_id", "group_id"); (params ())
(0.000) CREATE UNIQUE INDEX "main_customuser_groups_customuser_id_group_id_8a5023dd_uniq" ON "main_customuser_groups" ("customuser_id", "group_id"); args=()
CREATE INDEX "main_customuser_groups_customuser_id_13869e25" ON "main_customuser_groups" ("customuser_id"); (params ())
(0.000) CREATE INDEX "main_customuser_groups_customuser_id_13869e25" ON "main_customuser_groups" ("customuser_id"); args=()
CREATE INDEX "main_customuser_groups_group_id_8149f607" ON "main_customuser_groups" ("group_id"); (params ())
(0.000) CREATE INDEX "main_customuser_groups_group_id_8149f607" ON "main_customuser_groups" ("group_id"); args=()
CREATE UNIQUE INDEX "main_customuser_user_permissions_customuser_id_permission_id_06a652d8_uniq" ON "main_customuser_user_permissions" ("customuser_id", "permission_id"); (params ())
(0.000) CREATE UNIQUE INDEX "main_customuser_user_permissions_customuser_id_permission_id_06a652d8_uniq" ON "main_customuser_user_permissions" ("customuser_id", "permission_id"); args=()
CREATE INDEX "main_customuser_user_permissions_customuser_id_34d37f86" ON "main_customuser_user_permissions" ("customuser_id"); (params ())
(0.000) CREATE INDEX "main_customuser_user_permissions_customuser_id_34d37f86" ON "main_customuser_user_permissions" ("customuser_id"); args=()
CREATE INDEX "main_customuser_user_permissions_permission_id_38e6f657" ON "main_customuser_user_permissions" ("permission_id"); (params ())
(0.000) CREATE INDEX "main_customuser_user_permissions_permission_id_38e6f657" ON "main_customuser_user_permissions" ("permission_id"); args=()
(0.000) PRAGMA foreign_keys = ON; args=None
(0.000) PRAGMA foreign_keys = OFF; args=None
(0.000) PRAGMA foreign_keys; args=None
(0.000) BEGIN; args=None
CREATE TABLE "django_admin_log" ("id" integer NOT NULL PRIMARY KEY AUTOINCREMENT, "action_time" datetime NOT NULL, "object_id" text NULL, "object_repr" varchar(200) NOT NULL, "action_flag" smallint unsigned NOT NULL CHECK ("action_flag" >= 0), "change_message" text NOT NULL, "content_type_id" integer NULL REFERENCES "django_content_type" ("id") DEFERRABLE INITIALLY DEFERRED, "user_id" integer NOT NULL REFERENCES "main_customuser" ("id") DEFERRABLE INITIALLY DEFERRED); (params None)
(0.000) CREATE TABLE "django_admin_log" ("id" integer NOT NULL PRIMARY KEY AUTOINCREMENT, "action_time" datetime NOT NULL, "object_id" text NULL, "object_repr" varchar(200) NOT NULL, "action_flag" smallint unsigned NOT NULL CHECK ("action_flag" >= 0), "change_message" text NOT NULL, "content_type_id" integer NULL REFERENCES "django_content_type" ("id") DEFERRABLE INITIALLY DEFERRED, "user_id" integer NOT NULL REFERENCES "main_customuser" ("id") DEFERRABLE INITIALLY DEFERRED); args=None
(0.000) 
            SELECT name, type FROM sqlite_master
            WHERE type in ('table', 'view') AND NOT name='sqlite_sequence'
            ORDER BY name; args=None
(0.000) INSERT INTO "django_migrations" ("app", "name", "applied") VALUES ('admin', '0001_initial', '2019-05-08 02:23:51.392309'); args=['admin', '0001_initial', '2019-05-08 02:23:51.392309']
(0.000) PRAGMA foreign_key_check; args=None
CREATE INDEX "django_admin_log_content_type_id_c4bce8eb" ON "django_admin_log" ("content_type_id"); (params ())
(0.000) CREATE INDEX "django_admin_log_content_type_id_c4bce8eb" ON "django_admin_log" ("content_type_id"); args=()
CREATE INDEX "django_admin_log_user_id_c564eba6" ON "django_admin_log" ("user_id"); (params ())
(0.000) CREATE INDEX "django_admin_log_user_id_c564eba6" ON "django_admin_log" ("user_id"); args=()
(0.000) PRAGMA foreign_keys = ON; args=None
(0.000) PRAGMA foreign_keys = OFF; args=None
(0.000) PRAGMA foreign_keys; args=None
(0.000) BEGIN; args=None
CREATE TABLE "new__django_admin_log" ("id" integer NOT NULL PRIMARY KEY AUTOINCREMENT, "object_id" text NULL, "object_repr" varchar(200) NOT NULL, "action_flag" smallint unsigned NOT NULL CHECK ("action_flag" >= 0), "change_message" text NOT NULL, "content_type_id" integer NULL REFERENCES "django_content_type" ("id") DEFERRABLE INITIALLY DEFERRED, "user_id" integer NOT NULL REFERENCES "main_customuser" ("id") DEFERRABLE INITIALLY DEFERRED, "action_time" datetime NOT NULL); (params None)
(0.000) CREATE TABLE "new__django_admin_log" ("id" integer NOT NULL PRIMARY KEY AUTOINCREMENT, "object_id" text NULL, "object_repr" varchar(200) NOT NULL, "action_flag" smallint unsigned NOT NULL CHECK ("action_flag" >= 0), "change_message" text NOT NULL, "content_type_id" integer NULL REFERENCES "django_content_type" ("id") DEFERRABLE INITIALLY DEFERRED, "user_id" integer NOT NULL REFERENCES "main_customuser" ("id") DEFERRABLE INITIALLY DEFERRED, "action_time" datetime NOT NULL); args=None
INSERT INTO "new__django_admin_log" ("id", "object_id", "object_repr", "action_flag", "change_message", "content_type_id", "user_id", "action_time") SELECT "id", "object_id", "object_repr", "action_flag", "change_message", "content_type_id", "user_id", "action_time" FROM "django_admin_log"; (params ())
(0.000) INSERT INTO "new__django_admin_log" ("id", "object_id", "object_repr", "action_flag", "change_message", "content_type_id", "user_id", "action_time") SELECT "id", "object_id", "object_repr", "action_flag", "change_message", "content_type_id", "user_id", "action_time" FROM "django_admin_log"; args=()
DROP TABLE "django_admin_log"; (params ())
(0.000) DROP TABLE "django_admin_log"; args=()
ALTER TABLE "new__django_admin_log" RENAME TO "django_admin_log"; (params ())
(0.000) ALTER TABLE "new__django_admin_log" RENAME TO "django_admin_log"; args=()
CREATE INDEX "django_admin_log_content_type_id_c4bce8eb" ON "django_admin_log" ("content_type_id"); (params ())
(0.000) CREATE INDEX "django_admin_log_content_type_id_c4bce8eb" ON "django_admin_log" ("content_type_id"); args=()
CREATE INDEX "django_admin_log_user_id_c564eba6" ON "django_admin_log" ("user_id"); (params ())
(0.000) CREATE INDEX "django_admin_log_user_id_c564eba6" ON "django_admin_log" ("user_id"); args=()
(0.000) 
            SELECT name, type FROM sqlite_master
            WHERE type in ('table', 'view') AND NOT name='sqlite_sequence'
            ORDER BY name; args=None
(0.000) INSERT INTO "django_migrations" ("app", "name", "applied") VALUES ('admin', '0002_logentry_remove_auto_add', '2019-05-08 02:23:51.404811'); args=['admin', '0002_logentry_remove_auto_add', '2019-05-08 02:23:51.404811']
(0.000) PRAGMA foreign_key_check; args=None
(0.000) PRAGMA foreign_keys = ON; args=None
(0.000) PRAGMA foreign_keys = OFF; args=None
(0.000) PRAGMA foreign_keys; args=None
(0.000) BEGIN; args=None
CREATE TABLE "new__django_admin_log" ("id" integer NOT NULL PRIMARY KEY AUTOINCREMENT, "action_time" datetime NOT NULL, "object_id" text NULL, "object_repr" varchar(200) NOT NULL, "change_message" text NOT NULL, "content_type_id" integer NULL REFERENCES "django_content_type" ("id") DEFERRABLE INITIALLY DEFERRED, "user_id" integer NOT NULL REFERENCES "main_customuser" ("id") DEFERRABLE INITIALLY DEFERRED, "action_flag" smallint unsigned NOT NULL CHECK ("action_flag" >= 0)); (params None)
(0.000) CREATE TABLE "new__django_admin_log" ("id" integer NOT NULL PRIMARY KEY AUTOINCREMENT, "action_time" datetime NOT NULL, "object_id" text NULL, "object_repr" varchar(200) NOT NULL, "change_message" text NOT NULL, "content_type_id" integer NULL REFERENCES "django_content_type" ("id") DEFERRABLE INITIALLY DEFERRED, "user_id" integer NOT NULL REFERENCES "main_customuser" ("id") DEFERRABLE INITIALLY DEFERRED, "action_flag" smallint unsigned NOT NULL CHECK ("action_flag" >= 0)); args=None
INSERT INTO "new__django_admin_log" ("id", "action_time", "object_id", "object_repr", "change_message", "content_type_id", "user_id", "action_flag") SELECT "id", "action_time", "object_id", "object_repr", "change_message", "content_type_id", "user_id", "action_flag" FROM "django_admin_log"; (params ())
(0.000) INSERT INTO "new__django_admin_log" ("id", "action_time", "object_id", "object_repr", "change_message", "content_type_id", "user_id", "action_flag") SELECT "id", "action_time", "object_id", "object_repr", "change_message", "content_type_id", "user_id", "action_flag" FROM "django_admin_log"; args=()
DROP TABLE "django_admin_log"; (params ())
(0.000) DROP TABLE "django_admin_log"; args=()
ALTER TABLE "new__django_admin_log" RENAME TO "django_admin_log"; (params ())
(0.000) ALTER TABLE "new__django_admin_log" RENAME TO "django_admin_log"; args=()
CREATE INDEX "django_admin_log_content_type_id_c4bce8eb" ON "django_admin_log" ("content_type_id"); (params ())
(0.000) CREATE INDEX "django_admin_log_content_type_id_c4bce8eb" ON "django_admin_log" ("content_type_id"); args=()
CREATE INDEX "django_admin_log_user_id_c564eba6" ON "django_admin_log" ("user_id"); (params ())
(0.000) CREATE INDEX "django_admin_log_user_id_c564eba6" ON "django_admin_log" ("user_id"); args=()
(0.000) 
            SELECT name, type FROM sqlite_master
            WHERE type in ('table', 'view') AND NOT name='sqlite_sequence'
            ORDER BY name; args=None
(0.000) INSERT INTO "django_migrations" ("app", "name", "applied") VALUES ('admin', '0003_logentry_add_action_flag_choices', '2019-05-08 02:23:51.415403'); args=['admin', '0003_logentry_add_action_flag_choices', '2019-05-08 02:23:51.415403']
(0.000) PRAGMA foreign_key_check; args=None
(0.000) PRAGMA foreign_keys = ON; args=None
(0.000) PRAGMA foreign_keys = OFF; args=None
(0.000) PRAGMA foreign_keys; args=None
(0.000) BEGIN; args=None
(0.000) 
            SELECT name, type FROM sqlite_master
            WHERE type in ('table', 'view') AND NOT name='sqlite_sequence'
            ORDER BY name; args=None
(0.000) PRAGMA foreign_key_list("auth_group"); args=None
(0.000) PRAGMA foreign_key_list("auth_group_permissions"); args=None
(0.000) PRAGMA foreign_key_list("auth_permission"); args=None
(0.000) PRAGMA foreign_key_list("django_admin_log"); args=None
(0.000) PRAGMA foreign_key_list("django_content_type"); args=None
(0.000) PRAGMA foreign_key_list("django_migrations"); args=None
(0.000) PRAGMA foreign_key_list("main_customuser"); args=None
(0.000) PRAGMA foreign_key_list("main_customuser_groups"); args=None
(0.000) PRAGMA foreign_key_list("main_customuser_user_permissions"); args=None
(0.000) PRAGMA foreign_key_list("main_roomatesurvery"); args=None
ALTER TABLE "main_roomatesurvery" RENAME TO "main_roomatesurvey"; (params ())
(0.000) ALTER TABLE "main_roomatesurvery" RENAME TO "main_roomatesurvey"; args=()
(0.000) SELECT "django_content_type"."id", "django_content_type"."app_label", "django_content_type"."model" FROM "django_content_type" WHERE ("django_content_type"."app_label" = 'main' AND "django_content_type"."model" = 'roomatesurvery'); args=('main', 'roomatesurvery')
(0.000) 
            SELECT name, type FROM sqlite_master
            WHERE type in ('table', 'view') AND NOT name='sqlite_sequence'
            ORDER BY name; args=None
(0.000) INSERT INTO "django_migrations" ("app", "name", "applied") VALUES ('main', '0002_auto_20190505_1607', '2019-05-08 02:23:51.429742'); args=['main', '0002_auto_20190505_1607', '2019-05-08 02:23:51.429742']
(0.000) PRAGMA foreign_key_check; args=None
(0.000) PRAGMA foreign_keys = ON; args=None
(0.000) PRAGMA foreign_keys = OFF; args=None
(0.000) PRAGMA foreign_keys; args=None
(0.000) BEGIN; args=None
CREATE TABLE "main_roommatesurvey" ("id" integer NOT NULL PRIMARY KEY AUTOINCREMENT, "do_you_drink" bool NOT NULL, "do_you_smoke" bool NOT NULL, "are_you_sporty" bool NOT NULL, "do_you_game" bool NOT NULL, "type_of_gamer" varchar(10) NOT NULL, "user_id" integer NOT NULL REFERENCES "main_customuser" ("id") DEFERRABLE INITIALLY DEFERRED); (params None)
(0.000) CREATE TABLE "main_roommatesurvey" ("id" integer NOT NULL PRIMARY KEY AUTOINCREMENT, "do_you_drink" bool NOT NULL, "do_you_smoke" bool NOT NULL, "are_you_sporty" bool NOT NULL, "do_you_game" bool NOT NULL, "type_of_gamer" varchar(10) NOT NULL, "user_id" integer NOT NULL REFERENCES "main_customuser" ("id") DEFERRABLE INITIALLY DEFERRED); args=None
DROP TABLE "main_roomatesurvey"; (params ())
(0.000) DROP TABLE "main_roomatesurvey"; args=()
(0.000) 
            SELECT name, type FROM sqlite_master
            WHERE type in ('table', 'view') AND NOT name='sqlite_sequence'
            ORDER BY name; args=None
(0.000) INSERT INTO "django_migrations" ("app", "name", "applied") VALUES ('main', '0003_auto_20190505_1613', '2019-05-08 02:23:51.441068'); args=['main', '0003_auto_20190505_1613', '2019-05-08 02:23:51.441068']
(0.000) PRAGMA foreign_key_check; args=None
CREATE INDEX "main_roommatesurvey_user_id_ba143482" ON "main_roommatesurvey" ("user_id"); (params ())
(0.000) CREATE INDEX "main_roommatesurvey_user_id_ba143482" ON "main_roommatesurvey" ("user_id"); args=()
(0.000) PRAGMA foreign_keys = ON; args=None
(0.000) PRAGMA foreign_keys = OFF; args=None
(0.000) PRAGMA foreign_keys; args=None
(0.000) BEGIN; args=None
CREATE TABLE "new__main_roommatesurvey" ("id" integer NOT NULL PRIMARY KEY AUTOINCREMENT, "do_you_drink" bool NOT NULL, "do_you_smoke" bool NOT NULL, "are_you_sporty" bool NOT NULL, "do_you_game" bool NOT NULL, "type_of_gamer" varchar(10) NOT NULL, "user_id" integer NOT NULL UNIQUE REFERENCES "main_customuser" ("id") DEFERRABLE INITIALLY DEFERRED); (params None)
(0.000) CREATE TABLE "new__main_roommatesurvey" ("id" integer NOT NULL PRIMARY KEY AUTOINCREMENT, "do_you_drink" bool NOT NULL, "do_you_smoke" bool NOT NULL, "are_you_sporty" bool NOT NULL, "do_you_game" bool NOT NULL, "type_of_gamer" varchar(10) NOT NULL, "user_id" integer NOT NULL UNIQUE REFERENCES "main_customuser" ("id") DEFERRABLE INITIALLY DEFERRED); args=None
INSERT INTO "new__main_roommatesurvey" ("id", "do_you_drink", "do_you_smoke", "are_you_sporty", "do_you_game", "type_of_gamer", "user_id") SELECT "id", "do_you_drink", "do_you_smoke", "are_you_sporty", "do_you_game", "type_of_gamer", "user_id" FROM "main_roommatesurvey"; (params ())
(0.000) INSERT INTO "new__main_roommatesurvey" ("id", "do_you_drink", "do_you_smoke", "are_you_sporty", "do_you_game", "type_of_gamer", "user_id") SELECT "id", "do_you_drink", "do_you_smoke", "are_you_sporty", "do_you_game", "type_of_gamer", "user_id" FROM "main_roommatesurvey"; args=()
DROP TABLE "main_roommatesurvey"; (params ())
(0.000) DROP TABLE "main_roommatesurvey"; args=()
ALTER TABLE "new__main_roommatesurvey" RENAME TO "main_roommatesurvey"; (params ())
(0.000) ALTER TABLE "new__main_roommatesurvey" RENAME TO "main_roommatesurvey"; args=()
(0.000) 
            SELECT name, type FROM sqlite_master
            WHERE type in ('table', 'view') AND NOT name='sqlite_sequence'
            ORDER BY name; args=None
(0.000) INSERT INTO "django_migrations" ("app", "name", "applied") VALUES ('main', '0004_auto_20190506_0038', '2019-05-08 02:23:51.452354'); args=['main', '0004_auto_20190506_0038', '2019-05-08 02:23:51.452354']
(0.000) PRAGMA foreign_key_check; args=None
(0.000) PRAGMA foreign_keys = ON; args=None
(0.000) PRAGMA foreign_keys = OFF; args=None
(0.000) PRAGMA foreign_keys; args=None
(0.000) BEGIN; args=None
CREATE TABLE "main_category" ("name" varchar(50) NOT NULL PRIMARY KEY); (params None)
(0.000) CREATE TABLE "main_category" ("name" varchar(50) NOT NULL PRIMARY KEY); args=None
CREATE TABLE "main_category_users" ("id" integer NOT NULL PRIMARY KEY AUTOINCREMENT, "category_id" varchar(50) NOT NULL REFERENCES "main_category" ("name") DEFERRABLE INITIALLY DEFERRED, "customuser_id" integer NOT NULL REFERENCES "main_customuser" ("id") DEFERRABLE INITIALLY DEFERRED); (params None)
(0.000) CREATE TABLE "main_category_users" ("id" integer NOT NULL PRIMARY KEY AUTOINCREMENT, "category_id" varchar(50) NOT NULL REFERENCES "main_category" ("name") DEFERRABLE INITIALLY DEFERRED, "customuser_id" integer NOT NULL REFERENCES "main_customuser" ("id") DEFERRABLE INITIALLY DEFERRED); args=None
DROP TABLE "main_roommatesurvey"; (params ())
(0.000) DROP TABLE "main_roommatesurvey"; args=()
(0.000) 
            SELECT name, type FROM sqlite_master
            WHERE type in ('table', 'view') AND NOT name='sqlite_sequence'
            ORDER BY name; args=None
(0.000) INSERT INTO "django_migrations" ("app", "name", "applied") VALUES ('main', '0005_auto_20190506_1924', '2019-05-08 02:23:51.463532'); args=['main', '0005_auto_20190506_1924', '2019-05-08 02:23:51.463532']
(0.000) PRAGMA foreign_key_check; args=None
CREATE UNIQUE INDEX "main_category_users_category_id_customuser_id_eea42e7b_uniq" ON "main_category_users" ("category_id", "customuser_id"); (params ())
(0.000) CREATE UNIQUE INDEX "main_category_users_category_id_customuser_id_eea42e7b_uniq" ON "main_category_users" ("category_id", "customuser_id"); args=()
CREATE INDEX "main_category_users_category_id_a3508196" ON "main_category_users" ("category_id"); (params ())
(0.000) CREATE INDEX "main_category_users_category_id_a3508196" ON "main_category_users" ("category_id"); args=()
CREATE INDEX "main_category_users_customuser_id_a0db7fec" ON "main_category_users" ("customuser_id"); (params ())
(0.000) CREATE INDEX "main_category_users_customuser_id_a0db7fec" ON "main_category_users" ("customuser_id"); args=()
(0.000) PRAGMA foreign_keys = ON; args=None
(0.000) PRAGMA foreign_keys = OFF; args=None
(0.000) PRAGMA foreign_keys; args=None
(0.000) BEGIN; args=None
CREATE TABLE "django_session" ("session_key" varchar(40) NOT NULL PRIMARY KEY, "session_data" text NOT NULL, "expire_date" datetime NOT NULL); (params None)
(0.000) CREATE TABLE "django_session" ("session_key" varchar(40) NOT NULL PRIMARY KEY, "session_data" text NOT NULL, "expire_date" datetime NOT NULL); args=None
(0.000) 
            SELECT name, type FROM sqlite_master
            WHERE type in ('table', 'view') AND NOT name='sqlite_sequence'
            ORDER BY name; args=None
(0.000) INSERT INTO "django_migrations" ("app", "name", "applied") VALUES ('sessions', '0001_initial', '2019-05-08 02:23:51.468199'); args=['sessions', '0001_initial', '2019-05-08 02:23:51.468199']
(0.000) PRAGMA foreign_key_check; args=None
CREATE INDEX "django_session_expire_date_a5c62663" ON "django_session" ("expire_date"); (params ())
(0.000) CREATE INDEX "django_session_expire_date_a5c62663" ON "django_session" ("expire_date"); args=()
(0.000) PRAGMA foreign_keys = ON; args=None
(0.000) 
            SELECT name, type FROM sqlite_master
            WHERE type in ('table', 'view') AND NOT name='sqlite_sequence'
            ORDER BY name; args=None
(0.000) SELECT "django_migrations"."app", "django_migrations"."name" FROM "django_migrations"; args=()
(0.000) SELECT "django_content_type"."id", "django_content_type"."app_label", "django_content_type"."model" FROM "django_content_type" WHERE "django_content_type"."app_label" = 'admin'; args=('admin',)
(0.000) BEGIN; args=None
(0.000) INSERT INTO "django_content_type" ("app_label", "model") SELECT 'admin', 'logentry'; args=('admin', 'logentry')
(0.000) SELECT "django_content_type"."id", "django_content_type"."app_label", "django_content_type"."model" FROM "django_content_type" WHERE ("django_content_type"."app_label" = 'admin' AND "django_content_type"."model" = 'logentry'); args=('admin', 'logentry')
(0.000) SELECT "auth_permission"."content_type_id", "auth_permission"."codename" FROM "auth_permission" INNER JOIN "django_content_type" ON ("auth_permission"."content_type_id" = "django_content_type"."id") WHERE "auth_permission"."content_type_id" IN (1) ORDER BY "django_content_type"."app_label" ASC, "django_content_type"."model" ASC, "auth_permission"."codename" ASC; args=(1,)
(0.000) BEGIN; args=None
(0.000) INSERT INTO "auth_permission" ("name", "content_type_id", "codename") SELECT 'Can add log entry', 1, 'add_logentry' UNION ALL SELECT 'Can change log entry', 1, 'change_logentry' UNION ALL SELECT 'Can delete log entry', 1, 'delete_logentry' UNION ALL SELECT 'Can view log entry', 1, 'view_logentry'; args=('Can add log entry', 1, 'add_logentry', 'Can change log entry', 1, 'change_logentry', 'Can delete log entry', 1, 'delete_logentry', 'Can view log entry', 1, 'view_logentry')
(0.000) SELECT "django_content_type"."id", "django_content_type"."app_label", "django_content_type"."model" FROM "django_content_type" WHERE "django_content_type"."app_label" = 'admin'; args=('admin',)
(0.000) SELECT "django_content_type"."id", "django_content_type"."app_label", "django_content_type"."model" FROM "django_content_type" WHERE "django_content_type"."app_label" = 'auth'; args=('auth',)
(0.000) BEGIN; args=None
(0.001) INSERT INTO "django_content_type" ("app_label", "model") SELECT 'auth', 'permission' UNION ALL SELECT 'auth', 'group'; args=('auth', 'permission', 'auth', 'group')
(0.000) SELECT "django_content_type"."id", "django_content_type"."app_label", "django_content_type"."model" FROM "django_content_type" WHERE ("django_content_type"."app_label" = 'auth' AND "django_content_type"."model" = 'permission'); args=('auth', 'permission')
(0.000) SELECT "django_content_type"."id", "django_content_type"."app_label", "django_content_type"."model" FROM "django_content_type" WHERE ("django_content_type"."app_label" = 'auth' AND "django_content_type"."model" = 'group'); args=('auth', 'group')
(0.000) SELECT "auth_permission"."content_type_id", "auth_permission"."codename" FROM "auth_permission" INNER JOIN "django_content_type" ON ("auth_permission"."content_type_id" = "django_content_type"."id") WHERE "auth_permission"."content_type_id" IN (2, 3) ORDER BY "django_content_type"."app_label" ASC, "django_content_type"."model" ASC, "auth_permission"."codename" ASC; args=(2, 3)
(0.000) BEGIN; args=None
(0.000) INSERT INTO "auth_permission" ("name", "content_type_id", "codename") SELECT 'Can add permission', 2, 'add_permission' UNION ALL SELECT 'Can change permission', 2, 'change_permission' UNION ALL SELECT 'Can delete permission', 2, 'delete_permission' UNION ALL SELECT 'Can view permission', 2, 'view_permission' UNION ALL SELECT 'Can add group', 3, 'add_group' UNION ALL SELECT 'Can change group', 3, 'change_group' UNION ALL SELECT 'Can delete group', 3, 'delete_group' UNION ALL SELECT 'Can view group', 3, 'view_group'; args=('Can add permission', 2, 'add_permission', 'Can change permission', 2, 'change_permission', 'Can delete permission', 2, 'delete_permission', 'Can view permission', 2, 'view_permission', 'Can add group', 3, 'add_group', 'Can change group', 3, 'change_group', 'Can delete group', 3, 'delete_group', 'Can view group', 3, 'view_group')
(0.000) SELECT "django_content_type"."id", "django_content_type"."app_label", "django_content_type"."model" FROM "django_content_type" WHERE "django_content_type"."app_label" = 'auth'; args=('auth',)
(0.000) SELECT "django_content_type"."id", "django_content_type"."app_label", "django_content_type"."model" FROM "django_content_type" WHERE "django_content_type"."app_label" = 'contenttypes'; args=('contenttypes',)
(0.000) BEGIN; args=None
(0.000) INSERT INTO "django_content_type" ("app_label", "model") SELECT 'contenttypes', 'contenttype'; args=('contenttypes', 'contenttype')
(0.000) SELECT "django_content_type"."id", "django_content_type"."app_label", "django_content_type"."model" FROM "django_content_type" WHERE ("django_content_type"."app_label" = 'contenttypes' AND "django_content_type"."model" = 'contenttype'); args=('contenttypes', 'contenttype')
(0.000) SELECT "auth_permission"."content_type_id", "auth_permission"."codename" FROM "auth_permission" INNER JOIN "django_content_type" ON ("auth_permission"."content_type_id" = "django_content_type"."id") WHERE "auth_permission"."content_type_id" IN (4) ORDER BY "django_content_type"."app_label" ASC, "django_content_type"."model" ASC, "auth_permission"."codename" ASC; args=(4,)
(0.000) BEGIN; args=None
(0.001) INSERT INTO "auth_permission" ("name", "content_type_id", "codename") SELECT 'Can add content type', 4, 'add_contenttype' UNION ALL SELECT 'Can change content type', 4, 'change_contenttype' UNION ALL SELECT 'Can delete content type', 4, 'delete_contenttype' UNION ALL SELECT 'Can view content type', 4, 'view_contenttype'; args=('Can add content type', 4, 'add_contenttype', 'Can change content type', 4, 'change_contenttype', 'Can delete content type', 4, 'delete_contenttype', 'Can view content type', 4, 'view_contenttype')
(0.000) SELECT "django_content_type"."id", "django_content_type"."app_label", "django_content_type"."model" FROM "django_content_type" WHERE "django_content_type"."app_label" = 'contenttypes'; args=('contenttypes',)
(0.000) SELECT "django_content_type"."id", "django_content_type"."app_label", "django_content_type"."model" FROM "django_content_type" WHERE "django_content_type"."app_label" = 'sessions'; args=('sessions',)
(0.000) BEGIN; args=None
(0.000) INSERT INTO "django_content_type" ("app_label", "model") SELECT 'sessions', 'session'; args=('sessions', 'session')
(0.000) SELECT "django_content_type"."id", "django_content_type"."app_label", "django_content_type"."model" FROM "django_content_type" WHERE ("django_content_type"."app_label" = 'sessions' AND "django_content_type"."model" = 'session'); args=('sessions', 'session')
(0.000) SELECT "auth_permission"."content_type_id", "auth_permission"."codename" FROM "auth_permission" INNER JOIN "django_content_type" ON ("auth_permission"."content_type_id" = "django_content_type"."id") WHERE "auth_permission"."content_type_id" IN (5) ORDER BY "django_content_type"."app_label" ASC, "django_content_type"."model" ASC, "auth_permission"."codename" ASC; args=(5,)
(0.000) BEGIN; args=None
(0.000) INSERT INTO "auth_permission" ("name", "content_type_id", "codename") SELECT 'Can add session', 5, 'add_session' UNION ALL SELECT 'Can change session', 5, 'change_session' UNION ALL SELECT 'Can delete session', 5, 'delete_session' UNION ALL SELECT 'Can view session', 5, 'view_session'; args=('Can add session', 5, 'add_session', 'Can change session', 5, 'change_session', 'Can delete session', 5, 'delete_session', 'Can view session', 5, 'view_session')
(0.000) SELECT "django_content_type"."id", "django_content_type"."app_label", "django_content_type"."model" FROM "django_content_type" WHERE "django_content_type"."app_label" = 'sessions'; args=('sessions',)
(0.000) SELECT "django_content_type"."id", "django_content_type"."app_label", "django_content_type"."model" FROM "django_content_type" WHERE "django_content_type"."app_label" = 'main'; args=('main',)
(0.000) BEGIN; args=None
(0.000) INSERT INTO "django_content_type" ("app_label", "model") SELECT 'main', 'customuser' UNION ALL SELECT 'main', 'category'; args=('main', 'customuser', 'main', 'category')
(0.000) SELECT "django_content_type"."id", "django_content_type"."app_label", "django_content_type"."model" FROM "django_content_type" WHERE ("django_content_type"."app_label" = 'main' AND "django_content_type"."model" = 'customuser'); args=('main', 'customuser')
(0.000) SELECT "django_content_type"."id", "django_content_type"."app_label", "django_content_type"."model" FROM "django_content_type" WHERE ("django_content_type"."app_label" = 'main' AND "django_content_type"."model" = 'category'); args=('main', 'category')
(0.000) SELECT "auth_permission"."content_type_id", "auth_permission"."codename" FROM "auth_permission" INNER JOIN "django_content_type" ON ("auth_permission"."content_type_id" = "django_content_type"."id") WHERE "auth_permission"."content_type_id" IN (6, 7) ORDER BY "django_content_type"."app_label" ASC, "django_content_type"."model" ASC, "auth_permission"."codename" ASC; args=(6, 7)
(0.000) BEGIN; args=None
(0.000) INSERT INTO "auth_permission" ("name", "content_type_id", "codename") SELECT 'Can add user', 6, 'add_customuser' UNION ALL SELECT 'Can change user', 6, 'change_customuser' UNION ALL SELECT 'Can delete user', 6, 'delete_customuser' UNION ALL SELECT 'Can view user', 6, 'view_customuser' UNION ALL SELECT 'Can add category', 7, 'add_category' UNION ALL SELECT 'Can change category', 7, 'change_category' UNION ALL SELECT 'Can delete category', 7, 'delete_category' UNION ALL SELECT 'Can view category', 7, 'view_category'; args=('Can add user', 6, 'add_customuser', 'Can change user', 6, 'change_customuser', 'Can delete user', 6, 'delete_customuser', 'Can view user', 6, 'view_customuser', 'Can add category', 7, 'add_category', 'Can change category', 7, 'change_category', 'Can delete category', 7, 'delete_category', 'Can view category', 7, 'view_category')
(0.000) SELECT "django_content_type"."id", "django_content_type"."app_label", "django_content_type"."model" FROM "django_content_type" WHERE "django_content_type"."app_label" = 'main'; args=('main',)
Watching for file changes with StatReloader
Waiting for apps ready_event.
Apps ready_event triggered. Sending autoreload_started signal.
Watching dir /Users/karthikmacherla/Life/PennSem2/NETS150/roomatesearch/locale with glob **/*.mo.
Watching dir /anaconda3/lib/python3.6/site-packages/django/contrib/admin/locale with glob **/*.mo.
Watching dir /anaconda3/lib/python3.6/site-packages/django/contrib/auth/locale with glob **/*.mo.
Watching dir /anaconda3/lib/python3.6/site-packages/django/contrib/contenttypes/locale with glob **/*.mo.
Watching dir /anaconda3/lib/python3.6/site-packages/django/contrib/sessions/locale with glob **/*.mo.
Watching dir /anaconda3/lib/python3.6/site-packages/django/contrib/messages/locale with glob **/*.mo.
Watching dir /anaconda3/lib/python3.6/site-packages/django/contrib/staticfiles/locale with glob **/*.mo.
Watching dir /Users/karthikmacherla/Life/PennSem2/NETS150/roomatesearch/main/locale with glob **/*.mo.
(0.001) 
            SELECT name, type FROM sqlite_master
            WHERE type in ('table', 'view') AND NOT name='sqlite_sequence'
            ORDER BY name; args=None
(0.000) SELECT "django_migrations"."app", "django_migrations"."name" FROM "django_migrations"; args=()
"GET / HTTP/1.1" 200 934
Exception while resolving variable 'name' in template 'unknown'.
Traceback (most recent call last):
  File "/anaconda3/lib/python3.6/site-packages/django/core/handlers/exception.py", line 34, in inner
    response = get_response(request)
  File "/anaconda3/lib/python3.6/site-packages/django/core/handlers/base.py", line 100, in _get_response
    resolver_match = resolver.resolve(request.path_info)
  File "/anaconda3/lib/python3.6/site-packages/django/urls/resolvers.py", line 558, in resolve
    raise Resolver404({'tried': tried, 'path': new_path})
django.urls.exceptions.Resolver404: {'tried': [[<URLPattern '' [name='landing']>], [<URLResolver <URLPattern list> (admin:admin) 'admin/'>], [<URLResolver <module 'main.urls' from '/Users/karthikmacherla/Life/PennSem2/NETS150/roomatesearch/main/urls.py'> (None:None) 'main/'>], [<URLResolver <module 'django.contrib.auth.urls' from '/anaconda3/lib/python3.6/site-packages/django/contrib/auth/urls.py'> (None:None) 'main/'>]], 'path': 'favicon.ico'}

During handling of the above exception, another exception occurred:

Traceback (most recent call last):
  File "/anaconda3/lib/python3.6/site-packages/django/template/base.py", line 829, in _resolve_lookup
    current = current[bit]
TypeError: 'URLResolver' object is not subscriptable

During handling of the above exception, another exception occurred:

Traceback (most recent call last):
  File "/anaconda3/lib/python3.6/site-packages/django/template/base.py", line 837, in _resolve_lookup
    current = getattr(current, bit)
AttributeError: 'URLResolver' object has no attribute 'name'

During handling of the above exception, another exception occurred:

Traceback (most recent call last):
  File "/anaconda3/lib/python3.6/site-packages/django/template/base.py", line 843, in _resolve_lookup
    current = current[int(bit)]
ValueError: invalid literal for int() with base 10: 'name'

During handling of the above exception, another exception occurred:

Traceback (most recent call last):
  File "/anaconda3/lib/python3.6/site-packages/django/template/base.py", line 850, in _resolve_lookup
    (bit, current))  # missing attribute
django.template.base.VariableDoesNotExist: Failed lookup for key [name] in <URLResolver <URLPattern list> (admin:admin) 'admin/'>
Exception while resolving variable 'name' in template 'unknown'.
Traceback (most recent call last):
  File "/anaconda3/lib/python3.6/site-packages/django/core/handlers/exception.py", line 34, in inner
    response = get_response(request)
  File "/anaconda3/lib/python3.6/site-packages/django/core/handlers/base.py", line 100, in _get_response
    resolver_match = resolver.resolve(request.path_info)
  File "/anaconda3/lib/python3.6/site-packages/django/urls/resolvers.py", line 558, in resolve
    raise Resolver404({'tried': tried, 'path': new_path})
django.urls.exceptions.Resolver404: {'tried': [[<URLPattern '' [name='landing']>], [<URLResolver <URLPattern list> (admin:admin) 'admin/'>], [<URLResolver <module 'main.urls' from '/Users/karthikmacherla/Life/PennSem2/NETS150/roomatesearch/main/urls.py'> (None:None) 'main/'>], [<URLResolver <module 'django.contrib.auth.urls' from '/anaconda3/lib/python3.6/site-packages/django/contrib/auth/urls.py'> (None:None) 'main/'>]], 'path': 'favicon.ico'}

During handling of the above exception, another exception occurred:

Traceback (most recent call last):
  File "/anaconda3/lib/python3.6/site-packages/django/template/base.py", line 829, in _resolve_lookup
    current = current[bit]
TypeError: 'URLResolver' object is not subscriptable

During handling of the above exception, another exception occurred:

Traceback (most recent call last):
  File "/anaconda3/lib/python3.6/site-packages/django/template/base.py", line 837, in _resolve_lookup
    current = getattr(current, bit)
AttributeError: 'URLResolver' object has no attribute 'name'

During handling of the above exception, another exception occurred:

Traceback (most recent call last):
  File "/anaconda3/lib/python3.6/site-packages/django/template/base.py", line 843, in _resolve_lookup
    current = current[int(bit)]
ValueError: invalid literal for int() with base 10: 'name'

During handling of the above exception, another exception occurred:

Traceback (most recent call last):
  File "/anaconda3/lib/python3.6/site-packages/django/template/base.py", line 850, in _resolve_lookup
    (bit, current))  # missing attribute
django.template.base.VariableDoesNotExist: Failed lookup for key [name] in <URLResolver <module 'main.urls' from '/Users/karthikmacherla/Life/PennSem2/NETS150/roomatesearch/main/urls.py'> (None:None) 'main/'>
Exception while resolving variable 'name' in template 'unknown'.
Traceback (most recent call last):
  File "/anaconda3/lib/python3.6/site-packages/django/core/handlers/exception.py", line 34, in inner
    response = get_response(request)
  File "/anaconda3/lib/python3.6/site-packages/django/core/handlers/base.py", line 100, in _get_response
    resolver_match = resolver.resolve(request.path_info)
  File "/anaconda3/lib/python3.6/site-packages/django/urls/resolvers.py", line 558, in resolve
    raise Resolver404({'tried': tried, 'path': new_path})
django.urls.exceptions.Resolver404: {'tried': [[<URLPattern '' [name='landing']>], [<URLResolver <URLPattern list> (admin:admin) 'admin/'>], [<URLResolver <module 'main.urls' from '/Users/karthikmacherla/Life/PennSem2/NETS150/roomatesearch/main/urls.py'> (None:None) 'main/'>], [<URLResolver <module 'django.contrib.auth.urls' from '/anaconda3/lib/python3.6/site-packages/django/contrib/auth/urls.py'> (None:None) 'main/'>]], 'path': 'favicon.ico'}

During handling of the above exception, another exception occurred:

Traceback (most recent call last):
  File "/anaconda3/lib/python3.6/site-packages/django/template/base.py", line 829, in _resolve_lookup
    current = current[bit]
TypeError: 'URLResolver' object is not subscriptable

During handling of the above exception, another exception occurred:

Traceback (most recent call last):
  File "/anaconda3/lib/python3.6/site-packages/django/template/base.py", line 837, in _resolve_lookup
    current = getattr(current, bit)
AttributeError: 'URLResolver' object has no attribute 'name'

During handling of the above exception, another exception occurred:

Traceback (most recent call last):
  File "/anaconda3/lib/python3.6/site-packages/django/template/base.py", line 843, in _resolve_lookup
    current = current[int(bit)]
ValueError: invalid literal for int() with base 10: 'name'

During handling of the above exception, another exception occurred:

Traceback (most recent call last):
  File "/anaconda3/lib/python3.6/site-packages/django/template/base.py", line 850, in _resolve_lookup
    (bit, current))  # missing attribute
django.template.base.VariableDoesNotExist: Failed lookup for key [name] in <URLResolver <module 'django.contrib.auth.urls' from '/anaconda3/lib/python3.6/site-packages/django/contrib/auth/urls.py'> (None:None) 'main/'>
Not Found: /favicon.ico
"GET /favicon.ico HTTP/1.1" 404 2305
"GET /main/signup/ HTTP/1.1" 200 1997
"GET /main/login/ HTTP/1.1" 200 1111
(0.000) SELECT "main_customuser"."id", "main_customuser"."password", "main_customuser"."last_login", "main_customuser"."is_superuser", "main_customuser"."username", "main_customuser"."first_name", "main_customuser"."last_name", "main_customuser"."email", "main_customuser"."is_staff", "main_customuser"."is_active", "main_customuser"."date_joined" FROM "main_customuser" WHERE "main_customuser"."username" = 'karthikmacherla'; args=('karthikmacherla',)
"POST /main/login/ HTTP/1.1" 200 1271
(0.001) SELECT "main_customuser"."id", "main_customuser"."password", "main_customuser"."last_login", "main_customuser"."is_superuser", "main_customuser"."username", "main_customuser"."first_name", "main_customuser"."last_name", "main_customuser"."email", "main_customuser"."is_staff", "main_customuser"."is_active", "main_customuser"."date_joined" FROM "main_customuser" WHERE "main_customuser"."username" = 'kartaniel'; args=('kartaniel',)
"POST /main/login/ HTTP/1.1" 200 1265
(0.000) SELECT "main_customuser"."id", "main_customuser"."password", "main_customuser"."last_login", "main_customuser"."is_superuser", "main_customuser"."username", "main_customuser"."first_name", "main_customuser"."last_name", "main_customuser"."email", "main_customuser"."is_staff", "main_customuser"."is_active", "main_customuser"."date_joined" FROM "main_customuser" WHERE "main_customuser"."username" = 'karthikmacherla'; args=('karthikmacherla',)
"POST /main/login/ HTTP/1.1" 200 1271
"GET /main/signup HTTP/1.1" 301 0
"GET /main/signup/ HTTP/1.1" 200 1997
(0.001) SELECT (1) AS "a" FROM "main_customuser" WHERE "main_customuser"."username" = 'kmacher'  LIMIT 1; args=('kmacher',)
(0.007) INSERT INTO "main_customuser" ("password", "last_login", "is_superuser", "username", "first_name", "last_name", "email", "is_staff", "is_active", "date_joined") VALUES ('pbkdf2_sha256$150000$Hxclsba7qcDu$Q7BzC6OVXWB9t1Idze6v55Ywngm9RFN8JfWsT8hX/2s=', NULL, 0, 'kmacher', 'Karthik', 'Macherla', '', 0, 1, '2019-05-08 02:24:57.077689'); args=['pbkdf2_sha256$150000$Hxclsba7qcDu$Q7BzC6OVXWB9t1Idze6v55Ywngm9RFN8JfWsT8hX/2s=', None, False, 'kmacher', 'Karthik', 'Macherla', '', False, True, '2019-05-08 02:24:57.077689']
"POST /main/signup/ HTTP/1.1" 302 0
"GET /main/login/ HTTP/1.1" 200 1111
(0.000) SELECT "main_customuser"."id", "main_customuser"."password", "main_customuser"."last_login", "main_customuser"."is_superuser", "main_customuser"."username", "main_customuser"."first_name", "main_customuser"."last_name", "main_customuser"."email", "main_customuser"."is_staff", "main_customuser"."is_active", "main_customuser"."date_joined" FROM "main_customuser" WHERE "main_customuser"."username" = 'kmacher'; args=('kmacher',)
(0.000) SELECT (1) AS "a" FROM "django_session" WHERE "django_session"."session_key" = '7vltge82h08r420yybp1wg6n0ey2hdyi'  LIMIT 1; args=('7vltge82h08r420yybp1wg6n0ey2hdyi',)
(0.000) BEGIN; args=None
(0.000) INSERT INTO "django_session" ("session_key", "session_data", "expire_date") SELECT '7vltge82h08r420yybp1wg6n0ey2hdyi', 'ZjA1NDhlNTJiN2UxNGU1MTJlYjM1MDY4Mjk2MjM1NmI2ZmE5OWMyYjp7fQ==', '2019-05-22 02:25:03.333447'; args=('7vltge82h08r420yybp1wg6n0ey2hdyi', 'ZjA1NDhlNTJiN2UxNGU1MTJlYjM1MDY4Mjk2MjM1NmI2ZmE5OWMyYjp7fQ==', '2019-05-22 02:25:03.333447')
(0.001) UPDATE "main_customuser" SET "last_login" = '2019-05-08 02:25:03.341623' WHERE "main_customuser"."id" = 1; args=('2019-05-08 02:25:03.341623', 1)
(0.000) BEGIN; args=None
(0.000) UPDATE "django_session" SET "session_data" = 'MmViMDE2YzU1Mzc4NzdlNDg0MjdiOTIyODkzMmQxN2U0MTNmYzFiODp7Il9hdXRoX3VzZXJfaWQiOiIxIiwiX2F1dGhfdXNlcl9iYWNrZW5kIjoiZGphbmdvLmNvbnRyaWIuYXV0aC5iYWNrZW5kcy5Nb2RlbEJhY2tlbmQiLCJfYXV0aF91c2VyX2hhc2giOiJkZGMwNTlkOGU0YWU0MjAxOGQyZjAxNjA4N2M1MTc5NjdmZjk4MmEyIn0=', "expire_date" = '2019-05-22 02:25:03.345497' WHERE "django_session"."session_key" = '7vltge82h08r420yybp1wg6n0ey2hdyi'; args=('MmViMDE2YzU1Mzc4NzdlNDg0MjdiOTIyODkzMmQxN2U0MTNmYzFiODp7Il9hdXRoX3VzZXJfaWQiOiIxIiwiX2F1dGhfdXNlcl9iYWNrZW5kIjoiZGphbmdvLmNvbnRyaWIuYXV0aC5iYWNrZW5kcy5Nb2RlbEJhY2tlbmQiLCJfYXV0aF91c2VyX2hhc2giOiJkZGMwNTlkOGU0YWU0MjAxOGQyZjAxNjA4N2M1MTc5NjdmZjk4MmEyIn0=', '2019-05-22 02:25:03.345497', '7vltge82h08r420yybp1wg6n0ey2hdyi')
"POST /main/login/ HTTP/1.1" 302 0
(0.000) SELECT "django_session"."session_key", "django_session"."session_data", "django_session"."expire_date" FROM "django_session" WHERE ("django_session"."expire_date" > '2019-05-08 02:25:03.354511' AND "django_session"."session_key" = '7vltge82h08r420yybp1wg6n0ey2hdyi'); args=('2019-05-08 02:25:03.354511', '7vltge82h08r420yybp1wg6n0ey2hdyi')
(0.000) SELECT "main_customuser"."id", "main_customuser"."password", "main_customuser"."last_login", "main_customuser"."is_superuser", "main_customuser"."username", "main_customuser"."first_name", "main_customuser"."last_name", "main_customuser"."email", "main_customuser"."is_staff", "main_customuser"."is_active", "main_customuser"."date_joined" FROM "main_customuser" WHERE "main_customuser"."id" = 1; args=(1,)
(0.000) SELECT "main_category_users"."id", "main_category_users"."category_id", "main_category_users"."customuser_id" FROM "main_category_users" WHERE "main_category_users"."customuser_id" = 1; args=(1,)
(0.000) SELECT COUNT(*) AS "__count" FROM "main_category" INNER JOIN "main_category_users" ON ("main_category"."name" = "main_category_users"."category_id") WHERE "main_category_users"."customuser_id" = 1; args=(1,)
"GET /main/homepage/ HTTP/1.1" 302 0
(0.000) SELECT "django_session"."session_key", "django_session"."session_data", "django_session"."expire_date" FROM "django_session" WHERE ("django_session"."expire_date" > '2019-05-08 02:25:03.368687' AND "django_session"."session_key" = '7vltge82h08r420yybp1wg6n0ey2hdyi'); args=('2019-05-08 02:25:03.368687', '7vltge82h08r420yybp1wg6n0ey2hdyi')
(0.000) SELECT "main_customuser"."id", "main_customuser"."password", "main_customuser"."last_login", "main_customuser"."is_superuser", "main_customuser"."username", "main_customuser"."first_name", "main_customuser"."last_name", "main_customuser"."email", "main_customuser"."is_staff", "main_customuser"."is_active", "main_customuser"."date_joined" FROM "main_customuser" WHERE "main_customuser"."id" = 1; args=(1,)
"GET /main/survey/ HTTP/1.1" 200 1632
(0.001) SELECT "main_category"."name" FROM "main_category" WHERE "main_category"."name" = 'night_person'; args=('night_person',)
(0.000) SELECT (1) AS "a" FROM "main_category" WHERE "main_category"."name" = 'night_person'  LIMIT 1; args=('night_person',)
(0.006) INSERT INTO "main_category" ("name") SELECT 'night_person'; args=('night_person',)
(0.000) SELECT "main_category"."name" FROM "main_category" WHERE "main_category"."name" = 'substances'; args=('substances',)
(0.000) SELECT (1) AS "a" FROM "main_category" WHERE "main_category"."name" = 'substances'  LIMIT 1; args=('substances',)
(0.001) INSERT INTO "main_category" ("name") SELECT 'substances'; args=('substances',)
(0.000) SELECT "main_category"."name" FROM "main_category" WHERE "main_category"."name" = 'seas'; args=('seas',)
(0.000) SELECT (1) AS "a" FROM "main_category" WHERE "main_category"."name" = 'seas'  LIMIT 1; args=('seas',)
(0.001) INSERT INTO "main_category" ("name") SELECT 'seas'; args=('seas',)
(0.000) SELECT "main_category"."name" FROM "main_category" WHERE "main_category"."name" = 'tennis'; args=('tennis',)
(0.000) SELECT (1) AS "a" FROM "main_category" WHERE "main_category"."name" = 'tennis'  LIMIT 1; args=('tennis',)
(0.001) INSERT INTO "main_category" ("name") SELECT 'tennis'; args=('tennis',)
(0.000) BEGIN; args=None
(0.000) SELECT "django_session"."session_key", "django_session"."session_data", "django_session"."expire_date" FROM "django_session" WHERE ("django_session"."expire_date" > '2019-05-08 02:25:09.263883' AND "django_session"."session_key" = '7vltge82h08r420yybp1wg6n0ey2hdyi'); args=('2019-05-08 02:25:09.263883', '7vltge82h08r420yybp1wg6n0ey2hdyi')
(0.000) SELECT "main_customuser"."id", "main_customuser"."password", "main_customuser"."last_login", "main_customuser"."is_superuser", "main_customuser"."username", "main_customuser"."first_name", "main_customuser"."last_name", "main_customuser"."email", "main_customuser"."is_staff", "main_customuser"."is_active", "main_customuser"."date_joined" FROM "main_customuser" WHERE "main_customuser"."id" = 1; args=(1,)
(0.000) SELECT "main_category_users"."customuser_id" FROM "main_category_users" WHERE ("main_category_users"."category_id" = 'night_person' AND "main_category_users"."customuser_id" IN (1)); args=('night_person', 1)
(0.000) INSERT INTO "main_category_users" ("category_id", "customuser_id") SELECT 'night_person', 1; args=('night_person', 1)
(0.000) BEGIN; args=None
(0.000) SELECT "main_category_users"."customuser_id" FROM "main_category_users" WHERE ("main_category_users"."category_id" = 'substances' AND "main_category_users"."customuser_id" IN (1)); args=('substances', 1)
(0.000) INSERT INTO "main_category_users" ("category_id", "customuser_id") SELECT 'substances', 1; args=('substances', 1)
(0.000) BEGIN; args=None
(0.000) SELECT "main_category_users"."customuser_id" FROM "main_category_users" WHERE ("main_category_users"."category_id" = 'seas' AND "main_category_users"."customuser_id" IN (1)); args=('seas', 1)
(0.000) INSERT INTO "main_category_users" ("category_id", "customuser_id") SELECT 'seas', 1; args=('seas', 1)
(0.000) BEGIN; args=None
(0.000) SELECT "main_category_users"."customuser_id" FROM "main_category_users" WHERE ("main_category_users"."category_id" = 'tennis' AND "main_category_users"."customuser_id" IN (1)); args=('tennis', 1)
(0.000) INSERT INTO "main_category_users" ("category_id", "customuser_id") SELECT 'tennis', 1; args=('tennis', 1)
"POST /main/survey/ HTTP/1.1" 302 0
(0.000) SELECT "django_session"."session_key", "django_session"."session_data", "django_session"."expire_date" FROM "django_session" WHERE ("django_session"."expire_date" > '2019-05-08 02:25:09.283838' AND "django_session"."session_key" = '7vltge82h08r420yybp1wg6n0ey2hdyi'); args=('2019-05-08 02:25:09.283838', '7vltge82h08r420yybp1wg6n0ey2hdyi')
(0.000) SELECT "main_customuser"."id", "main_customuser"."password", "main_customuser"."last_login", "main_customuser"."is_superuser", "main_customuser"."username", "main_customuser"."first_name", "main_customuser"."last_name", "main_customuser"."email", "main_customuser"."is_staff", "main_customuser"."is_active", "main_customuser"."date_joined" FROM "main_customuser" WHERE "main_customuser"."id" = 1; args=(1,)
(0.000) SELECT "main_category_users"."id", "main_category_users"."category_id", "main_category_users"."customuser_id" FROM "main_category_users" WHERE "main_category_users"."customuser_id" = 1; args=(1,)
"GET /main/homepage/ HTTP/1.1" 302 0
(0.000) SELECT "django_session"."session_key", "django_session"."session_data", "django_session"."expire_date" FROM "django_session" WHERE ("django_session"."expire_date" > '2019-05-08 02:25:09.292270' AND "django_session"."session_key" = '7vltge82h08r420yybp1wg6n0ey2hdyi'); args=('2019-05-08 02:25:09.292270', '7vltge82h08r420yybp1wg6n0ey2hdyi')
(0.000) SELECT "main_customuser"."id", "main_customuser"."password", "main_customuser"."last_login", "main_customuser"."is_superuser", "main_customuser"."username", "main_customuser"."first_name", "main_customuser"."last_name", "main_customuser"."email", "main_customuser"."is_staff", "main_customuser"."is_active", "main_customuser"."date_joined" FROM "main_customuser" WHERE "main_customuser"."id" = 1; args=(1,)
(0.000) SELECT "main_category"."name" FROM "main_category" INNER JOIN "main_category_users" ON ("main_category"."name" = "main_category_users"."category_id") WHERE "main_category_users"."customuser_id" = 1; args=(1,)
(0.000) SELECT "main_customuser"."id", "main_customuser"."password", "main_customuser"."last_login", "main_customuser"."is_superuser", "main_customuser"."username", "main_customuser"."first_name", "main_customuser"."last_name", "main_customuser"."email", "main_customuser"."is_staff", "main_customuser"."is_active", "main_customuser"."date_joined" FROM "main_customuser" INNER JOIN "main_category_users" ON ("main_customuser"."id" = "main_category_users"."customuser_id") WHERE "main_category_users"."category_id" = 'night_person'; args=('night_person',)
(0.000) SELECT "main_customuser"."id", "main_customuser"."password", "main_customuser"."last_login", "main_customuser"."is_superuser", "main_customuser"."username", "main_customuser"."first_name", "main_customuser"."last_name", "main_customuser"."email", "main_customuser"."is_staff", "main_customuser"."is_active", "main_customuser"."date_joined" FROM "main_customuser" INNER JOIN "main_category_users" ON ("main_customuser"."id" = "main_category_users"."customuser_id") WHERE "main_category_users"."category_id" = 'substances'; args=('substances',)
(0.000) SELECT "main_customuser"."id", "main_customuser"."password", "main_customuser"."last_login", "main_customuser"."is_superuser", "main_customuser"."username", "main_customuser"."first_name", "main_customuser"."last_name", "main_customuser"."email", "main_customuser"."is_staff", "main_customuser"."is_active", "main_customuser"."date_joined" FROM "main_customuser" INNER JOIN "main_category_users" ON ("main_customuser"."id" = "main_category_users"."customuser_id") WHERE "main_category_users"."category_id" = 'seas'; args=('seas',)
(0.000) SELECT "main_customuser"."id", "main_customuser"."password", "main_customuser"."last_login", "main_customuser"."is_superuser", "main_customuser"."username", "main_customuser"."first_name", "main_customuser"."last_name", "main_customuser"."email", "main_customuser"."is_staff", "main_customuser"."is_active", "main_customuser"."date_joined" FROM "main_customuser" INNER JOIN "main_category_users" ON ("main_customuser"."id" = "main_category_users"."customuser_id") WHERE "main_category_users"."category_id" = 'tennis'; args=('tennis',)
"GET /main/dashboard/ HTTP/1.1" 200 10
